SF:/Users/juancarlosmerlosalbarracin/Developer/Essential_Developer/essential-feed-case-study/EssentialFeed/EssentialFeedTests/Authentication Feature/UserLoginUseCaseTests.swift
FN:8,$s18EssentialFeedTests016UserLoginUseCaseC0C55test_login_succeeds_onValidCredentialsAndServerResponseyyYaKF
FN:18,$s18EssentialFeedTests016UserLoginUseCaseC0C55test_login_succeeds_onValidCredentialsAndServerResponseyyYaKFSSyKXEfu_
FN:18,$s18EssentialFeedTests016UserLoginUseCaseC0C55test_login_succeeds_onValidCredentialsAndServerResponseyyYaKFSSyKXEfu0_
FN:18,$s18EssentialFeedTests016UserLoginUseCaseC0C55test_login_succeeds_onValidCredentialsAndServerResponseyyYaKFSSyXEfu1_
FN:19,$s18EssentialFeedTests016UserLoginUseCaseC0C55test_login_succeeds_onValidCredentialsAndServerResponseyyYaKFSbyKXEfu2_
FN:19,$s18EssentialFeedTests016UserLoginUseCaseC0C55test_login_succeeds_onValidCredentialsAndServerResponseyyYaKFSSyXEfu3_
FN:27,$s18EssentialFeedTests016UserLoginUseCaseC0C37test_login_fails_onInvalidCredentialsyyYaKF
FN:38,$s18EssentialFeedTests016UserLoginUseCaseC0C37test_login_fails_onInvalidCredentialsyyYaKF0aB00E5ErrorOyKXEfu_
FN:38,$s18EssentialFeedTests016UserLoginUseCaseC0C37test_login_fails_onInvalidCredentialsyyYaKF0aB00E5ErrorOyKXEfu0_
FN:38,$s18EssentialFeedTests016UserLoginUseCaseC0C37test_login_fails_onInvalidCredentialsyyYaKFSSyXEfu1_
FN:39,$s18EssentialFeedTests016UserLoginUseCaseC0C37test_login_fails_onInvalidCredentialsyyYaKFSbyKXEfu2_
FN:39,$s18EssentialFeedTests016UserLoginUseCaseC0C37test_login_fails_onInvalidCredentialsyyYaKFSSyXEfu3_
FN:47,$s18EssentialFeedTests016UserLoginUseCaseC0C7makeSUT33_111BD7184647530428624D29C7B00D0CLL0aB00defG0C3sut_AA10AuthAPISpyC3apiAA0E18SuccessObserverSpyC07successT0AA0e7FailuretU0C07failureT0tyF
FN:60,$s18EssentialFeedTests10AuthAPISpyC5login4withs6ResultOy0aB013LoginResponseVAH0I5ErrorOGAH0I11CredentialsV_tYaF
FN:66,$s18EssentialFeedTests23LoginSuccessObserverSpyC09didNotifyE0Sbvpfi
FN:67,$s18EssentialFeedTests23LoginSuccessObserverSpyC03didD12Successfully8responsey0aB00D8ResponseV_tF
FN:73,$s18EssentialFeedTests23LoginFailureObserverSpyC09didNotifyE0Sbvpfi
FN:74,$s18EssentialFeedTests23LoginFailureObserverSpyC07didFailD05errory0aB00D5ErrorO_tF
FNDA:1,$s18EssentialFeedTests016UserLoginUseCaseC0C55test_login_succeeds_onValidCredentialsAndServerResponseyyYaKF
FNDA:1,$s18EssentialFeedTests016UserLoginUseCaseC0C55test_login_succeeds_onValidCredentialsAndServerResponseyyYaKFSSyKXEfu_
FNDA:1,$s18EssentialFeedTests016UserLoginUseCaseC0C55test_login_succeeds_onValidCredentialsAndServerResponseyyYaKFSSyKXEfu0_
FNDA:0,$s18EssentialFeedTests016UserLoginUseCaseC0C55test_login_succeeds_onValidCredentialsAndServerResponseyyYaKFSSyXEfu1_
FNDA:1,$s18EssentialFeedTests016UserLoginUseCaseC0C55test_login_succeeds_onValidCredentialsAndServerResponseyyYaKFSbyKXEfu2_
FNDA:0,$s18EssentialFeedTests016UserLoginUseCaseC0C55test_login_succeeds_onValidCredentialsAndServerResponseyyYaKFSSyXEfu3_
FNDA:1,$s18EssentialFeedTests016UserLoginUseCaseC0C37test_login_fails_onInvalidCredentialsyyYaKF
FNDA:1,$s18EssentialFeedTests016UserLoginUseCaseC0C37test_login_fails_onInvalidCredentialsyyYaKF0aB00E5ErrorOyKXEfu_
FNDA:1,$s18EssentialFeedTests016UserLoginUseCaseC0C37test_login_fails_onInvalidCredentialsyyYaKF0aB00E5ErrorOyKXEfu0_
FNDA:0,$s18EssentialFeedTests016UserLoginUseCaseC0C37test_login_fails_onInvalidCredentialsyyYaKFSSyXEfu1_
FNDA:1,$s18EssentialFeedTests016UserLoginUseCaseC0C37test_login_fails_onInvalidCredentialsyyYaKFSbyKXEfu2_
FNDA:0,$s18EssentialFeedTests016UserLoginUseCaseC0C37test_login_fails_onInvalidCredentialsyyYaKFSSyXEfu3_
FNDA:2,$s18EssentialFeedTests016UserLoginUseCaseC0C7makeSUT33_111BD7184647530428624D29C7B00D0CLL0aB00defG0C3sut_AA10AuthAPISpyC3apiAA0E18SuccessObserverSpyC07successT0AA0e7FailuretU0C07failureT0tyF
FNDA:2,$s18EssentialFeedTests10AuthAPISpyC5login4withs6ResultOy0aB013LoginResponseVAH0I5ErrorOGAH0I11CredentialsV_tYaF
FNDA:2,$s18EssentialFeedTests23LoginSuccessObserverSpyC09didNotifyE0Sbvpfi
FNDA:1,$s18EssentialFeedTests23LoginSuccessObserverSpyC03didD12Successfully8responsey0aB00D8ResponseV_tF
FNDA:2,$s18EssentialFeedTests23LoginFailureObserverSpyC09didNotifyE0Sbvpfi
FNDA:1,$s18EssentialFeedTests23LoginFailureObserverSpyC07didFailD05errory0aB00D5ErrorO_tF
FNF:18
FNH:14
DA:8,1
DA:9,1
DA:10,1
DA:11,1
DA:12,1
DA:13,1
DA:14,1
DA:15,1
DA:16,1
DA:17,1
DA:18,1
DA:19,1
DA:20,1
DA:21,0
DA:22,1
DA:23,1
DA:27,1
DA:28,1
DA:29,1
DA:30,1
DA:31,1
DA:32,1
DA:33,1
DA:34,1
DA:35,1
DA:36,0
DA:37,1
DA:38,1
DA:39,1
DA:40,1
DA:41,1
DA:47,2
DA:48,2
DA:49,2
DA:50,2
DA:51,2
DA:52,2
DA:53,2
DA:54,2
DA:60,2
DA:61,2
DA:62,2
DA:66,2
DA:67,1
DA:68,1
DA:69,1
DA:73,2
DA:74,1
DA:75,1
DA:76,1
BRF:0
BRH:0
LF:60
LH:54
end_of_record
SF:/Users/juancarlosmerlosalbarracin/Developer/Essential_Developer/essential-feed-case-study/EssentialFeed/EssentialFeedTests/Feed API/FeedEndpointTests.swift
FN:10,$s18EssentialFeedTests0b8EndpointC0C21test_feed_endpointURLyyF
FN:15,$s18EssentialFeedTests0b8EndpointC0C21test_feed_endpointURLyyFSSSgyKXEfu_
FN:15,$s18EssentialFeedTests0b8EndpointC0C21test_feed_endpointURLyyFSSSgyKXEfu0_
FN:15,$s18EssentialFeedTests0b8EndpointC0C21test_feed_endpointURLyyFSSyXEfu1_
FN:16,$s18EssentialFeedTests0b8EndpointC0C21test_feed_endpointURLyyFSSSgyKXEfu2_
FN:16,$s18EssentialFeedTests0b8EndpointC0C21test_feed_endpointURLyyFSSSgyKXEfu3_
FN:16,$s18EssentialFeedTests0b8EndpointC0C21test_feed_endpointURLyyFSSyXEfu4_
FN:17,$s18EssentialFeedTests0b8EndpointC0C21test_feed_endpointURLyyFSSyKXEfu5_
FN:17,$s18EssentialFeedTests0b8EndpointC0C21test_feed_endpointURLyyFSSyKXEfu6_
FN:17,$s18EssentialFeedTests0b8EndpointC0C21test_feed_endpointURLyyFSSyXEfu7_
FN:18,$s18EssentialFeedTests0b8EndpointC0C21test_feed_endpointURLyyFSSSgyKXEfu8_
FN:18,$s18EssentialFeedTests0b8EndpointC0C21test_feed_endpointURLyyFSSSgyKXEfu9_
FN:18,$s18EssentialFeedTests0b8EndpointC0C21test_feed_endpointURLyyFSSyXEfu10_
FN:21,$s18EssentialFeedTests0b8EndpointC0C36test_feed_endpointURLAfterGivenImageyyF
FN:27,$s18EssentialFeedTests0b8EndpointC0C36test_feed_endpointURLAfterGivenImageyyFSSSgyKXEfu_
FN:27,$s18EssentialFeedTests0b8EndpointC0C36test_feed_endpointURLAfterGivenImageyyFSSSgyKXEfu0_
FN:27,$s18EssentialFeedTests0b8EndpointC0C36test_feed_endpointURLAfterGivenImageyyFSSyXEfu1_
FN:28,$s18EssentialFeedTests0b8EndpointC0C36test_feed_endpointURLAfterGivenImageyyFSSSgyKXEfu2_
FN:28,$s18EssentialFeedTests0b8EndpointC0C36test_feed_endpointURLAfterGivenImageyyFSSSgyKXEfu3_
FN:28,$s18EssentialFeedTests0b8EndpointC0C36test_feed_endpointURLAfterGivenImageyyFSSyXEfu4_
FN:29,$s18EssentialFeedTests0b8EndpointC0C36test_feed_endpointURLAfterGivenImageyyFSSyKXEfu5_
FN:29,$s18EssentialFeedTests0b8EndpointC0C36test_feed_endpointURLAfterGivenImageyyFSSyKXEfu6_
FN:29,$s18EssentialFeedTests0b8EndpointC0C36test_feed_endpointURLAfterGivenImageyyFSSyXEfu7_
FN:30,$s18EssentialFeedTests0b8EndpointC0C36test_feed_endpointURLAfterGivenImageyyFSbSgyKXEfu8_
FN:30,$s18EssentialFeedTests0b8EndpointC0C36test_feed_endpointURLAfterGivenImageyyFSbSgyKXEfu9_
FN:30,$s18EssentialFeedTests0b8EndpointC0C36test_feed_endpointURLAfterGivenImageyyFSSyXEfu10_
FN:31,$s18EssentialFeedTests0b8EndpointC0C36test_feed_endpointURLAfterGivenImageyyFSbSgyKXEfu11_
FN:31,$s18EssentialFeedTests0b8EndpointC0C36test_feed_endpointURLAfterGivenImageyyFSbSgyKXEfu12_
FN:31,$s18EssentialFeedTests0b8EndpointC0C36test_feed_endpointURLAfterGivenImageyyFSSyXEfu13_
FNDA:1,$s18EssentialFeedTests0b8EndpointC0C21test_feed_endpointURLyyF
FNDA:1,$s18EssentialFeedTests0b8EndpointC0C21test_feed_endpointURLyyFSSSgyKXEfu_
FNDA:1,$s18EssentialFeedTests0b8EndpointC0C21test_feed_endpointURLyyFSSSgyKXEfu0_
FNDA:0,$s18EssentialFeedTests0b8EndpointC0C21test_feed_endpointURLyyFSSyXEfu1_
FNDA:1,$s18EssentialFeedTests0b8EndpointC0C21test_feed_endpointURLyyFSSSgyKXEfu2_
FNDA:1,$s18EssentialFeedTests0b8EndpointC0C21test_feed_endpointURLyyFSSSgyKXEfu3_
FNDA:0,$s18EssentialFeedTests0b8EndpointC0C21test_feed_endpointURLyyFSSyXEfu4_
FNDA:1,$s18EssentialFeedTests0b8EndpointC0C21test_feed_endpointURLyyFSSyKXEfu5_
FNDA:1,$s18EssentialFeedTests0b8EndpointC0C21test_feed_endpointURLyyFSSyKXEfu6_
FNDA:0,$s18EssentialFeedTests0b8EndpointC0C21test_feed_endpointURLyyFSSyXEfu7_
FNDA:1,$s18EssentialFeedTests0b8EndpointC0C21test_feed_endpointURLyyFSSSgyKXEfu8_
FNDA:1,$s18EssentialFeedTests0b8EndpointC0C21test_feed_endpointURLyyFSSSgyKXEfu9_
FNDA:0,$s18EssentialFeedTests0b8EndpointC0C21test_feed_endpointURLyyFSSyXEfu10_
FNDA:1,$s18EssentialFeedTests0b8EndpointC0C36test_feed_endpointURLAfterGivenImageyyF
FNDA:1,$s18EssentialFeedTests0b8EndpointC0C36test_feed_endpointURLAfterGivenImageyyFSSSgyKXEfu_
FNDA:1,$s18EssentialFeedTests0b8EndpointC0C36test_feed_endpointURLAfterGivenImageyyFSSSgyKXEfu0_
FNDA:0,$s18EssentialFeedTests0b8EndpointC0C36test_feed_endpointURLAfterGivenImageyyFSSyXEfu1_
FNDA:1,$s18EssentialFeedTests0b8EndpointC0C36test_feed_endpointURLAfterGivenImageyyFSSSgyKXEfu2_
FNDA:1,$s18EssentialFeedTests0b8EndpointC0C36test_feed_endpointURLAfterGivenImageyyFSSSgyKXEfu3_
FNDA:0,$s18EssentialFeedTests0b8EndpointC0C36test_feed_endpointURLAfterGivenImageyyFSSyXEfu4_
FNDA:1,$s18EssentialFeedTests0b8EndpointC0C36test_feed_endpointURLAfterGivenImageyyFSSyKXEfu5_
FNDA:1,$s18EssentialFeedTests0b8EndpointC0C36test_feed_endpointURLAfterGivenImageyyFSSyKXEfu6_
FNDA:0,$s18EssentialFeedTests0b8EndpointC0C36test_feed_endpointURLAfterGivenImageyyFSSyXEfu7_
FNDA:1,$s18EssentialFeedTests0b8EndpointC0C36test_feed_endpointURLAfterGivenImageyyFSbSgyKXEfu8_
FNDA:1,$s18EssentialFeedTests0b8EndpointC0C36test_feed_endpointURLAfterGivenImageyyFSbSgyKXEfu9_
FNDA:0,$s18EssentialFeedTests0b8EndpointC0C36test_feed_endpointURLAfterGivenImageyyFSSyXEfu10_
FNDA:1,$s18EssentialFeedTests0b8EndpointC0C36test_feed_endpointURLAfterGivenImageyyFSbSgyKXEfu11_
FNDA:1,$s18EssentialFeedTests0b8EndpointC0C36test_feed_endpointURLAfterGivenImageyyFSbSgyKXEfu12_
FNDA:0,$s18EssentialFeedTests0b8EndpointC0C36test_feed_endpointURLAfterGivenImageyyFSSyXEfu13_
FNF:29
FNH:20
DA:10,1
DA:11,1
DA:12,1
DA:13,1
DA:14,1
DA:15,1
DA:16,1
DA:17,1
DA:18,1
DA:19,1
DA:21,1
DA:22,1
DA:23,1
DA:24,1
DA:25,1
DA:26,1
DA:27,1
DA:28,1
DA:29,1
DA:30,1
DA:31,1
DA:32,1
DA:33,1
BRF:0
BRH:0
LF:50
LH:41
end_of_record
SF:/Users/juancarlosmerlosalbarracin/Developer/Essential_Developer/essential-feed-case-study/EssentialFeed/EssentialFeedTests/Feed API/FeedImageDataMapperTests.swift
FN:10,$s18EssentialFeedTests0b15ImageDataMapperC0C40test_map_throwsErrorOnNon200HTTPResponseyyKF
FN:13,$s18EssentialFeedTests0b15ImageDataMapperC0C40test_map_throwsErrorOnNon200HTTPResponseyyKFySiKXEfU_
FN:15,$s18EssentialFeedTests0b15ImageDataMapperC0C40test_map_throwsErrorOnNon200HTTPResponseyyKFySiKXEfU_10Foundation0E0VyKXEfu_
FN:20,$s18EssentialFeedTests0b15ImageDataMapperC0C024test_map_deliversInvalide31ErrorOn200HTTPResponseWithEmptyE0yyF
FN:24,$s18EssentialFeedTests0b15ImageDataMapperC0C024test_map_deliversInvalide31ErrorOn200HTTPResponseWithEmptyE0yyF10Foundation0E0VyKXEfu_
FN:28,$s18EssentialFeedTests0b15ImageDataMapperC0C033test_map_deliversReceivedNonEmptyE17On200HTTPResponseyyKF
FN:33,$s18EssentialFeedTests0b15ImageDataMapperC0C033test_map_deliversReceivedNonEmptyE17On200HTTPResponseyyKF10Foundation0E0VyKXEfu_
FN:33,$s18EssentialFeedTests0b15ImageDataMapperC0C033test_map_deliversReceivedNonEmptyE17On200HTTPResponseyyKF10Foundation0E0VyKXEfu0_
FNDA:1,$s18EssentialFeedTests0b15ImageDataMapperC0C40test_map_throwsErrorOnNon200HTTPResponseyyKF
FNDA:5,$s18EssentialFeedTests0b15ImageDataMapperC0C40test_map_throwsErrorOnNon200HTTPResponseyyKFySiKXEfU_
FNDA:5,$s18EssentialFeedTests0b15ImageDataMapperC0C40test_map_throwsErrorOnNon200HTTPResponseyyKFySiKXEfU_10Foundation0E0VyKXEfu_
FNDA:1,$s18EssentialFeedTests0b15ImageDataMapperC0C024test_map_deliversInvalide31ErrorOn200HTTPResponseWithEmptyE0yyF
FNDA:1,$s18EssentialFeedTests0b15ImageDataMapperC0C024test_map_deliversInvalide31ErrorOn200HTTPResponseWithEmptyE0yyF10Foundation0E0VyKXEfu_
FNDA:1,$s18EssentialFeedTests0b15ImageDataMapperC0C033test_map_deliversReceivedNonEmptyE17On200HTTPResponseyyKF
FNDA:1,$s18EssentialFeedTests0b15ImageDataMapperC0C033test_map_deliversReceivedNonEmptyE17On200HTTPResponseyyKF10Foundation0E0VyKXEfu_
FNDA:1,$s18EssentialFeedTests0b15ImageDataMapperC0C033test_map_deliversReceivedNonEmptyE17On200HTTPResponseyyKF10Foundation0E0VyKXEfu0_
FNF:8
FNH:8
DA:10,1
DA:11,1
DA:12,1
DA:13,5
DA:14,5
DA:15,5
DA:16,5
DA:17,5
DA:18,1
DA:20,1
DA:21,1
DA:22,1
DA:23,1
DA:24,1
DA:25,1
DA:26,1
DA:28,1
DA:29,1
DA:30,1
DA:31,1
DA:32,1
DA:33,1
DA:34,1
BRF:0
BRH:0
LF:32
LH:32
end_of_record
SF:/Users/juancarlosmerlosalbarracin/Developer/Essential_Developer/essential-feed-case-study/EssentialFeed/EssentialFeedTests/Feed API/FeedItemsMapperTests.swift
FN:10,$s18EssentialFeedTests0b11ItemsMapperC0C40test_map_throwsErrorOnNon200HTTPResponseyyKF
FN:14,$s18EssentialFeedTests0b11ItemsMapperC0C40test_map_throwsErrorOnNon200HTTPResponseyyKFySiKXEfU_
FN:16,$s18EssentialFeedTests0b11ItemsMapperC0C40test_map_throwsErrorOnNon200HTTPResponseyyKFySiKXEfU_Say0aB00B5ImageVGyKXEfu_
FN:21,$s18EssentialFeedTests0b11ItemsMapperC0C52test_map_throwsErrorOn200HTTPResponseWithInvalidJSONyyF
FN:25,$s18EssentialFeedTests0b11ItemsMapperC0C52test_map_throwsErrorOn200HTTPResponseWithInvalidJSONyyFSay0aB00B5ImageVGyKXEfu_
FN:29,$s18EssentialFeedTests0b11ItemsMapperC0C019test_map_deliversNoD34On200HTTPResponseWithEmptyJSONListyyKF
FN:34,$s18EssentialFeedTests0b11ItemsMapperC0C019test_map_deliversNoD34On200HTTPResponseWithEmptyJSONListyyKFSay0aB00B5ImageVGyKXEfu_
FN:34,$s18EssentialFeedTests0b11ItemsMapperC0C019test_map_deliversNoD34On200HTTPResponseWithEmptyJSONListyyKFSay0aB00B5ImageVGyKXEfu0_
FN:37,$s18EssentialFeedTests0b11ItemsMapperC0C017test_map_deliversD30On200HTTPResponseWithJSONItemsyyKF
FN:52,$s18EssentialFeedTests0b11ItemsMapperC0C017test_map_deliversD30On200HTTPResponseWithJSONItemsyyKFSay0aB00B5ImageVGyKXEfu_
FN:52,$s18EssentialFeedTests0b11ItemsMapperC0C017test_map_deliversD30On200HTTPResponseWithJSONItemsyyKFSay0aB00B5ImageVGyKXEfu0_
FN:57,$s18EssentialFeedTests0b11ItemsMapperC0C8makeItem33_7C24F0B4850578FA2D46568D8FEF821DLL2id11description8location8imageURL0aB00B5ImageV5model_SDySSypG4jsont10Foundation4UUIDV_SSSgAsP0S0VtF
FN:65,$s18EssentialFeedTests0b11ItemsMapperC0C8makeItem33_7C24F0B4850578FA2D46568D8FEF821DLL2id11description8location8imageURL0aB00B5ImageV5model_SDySSypG4jsont10Foundation4UUIDV_SSSgAsP0S0VtFA2SXEfU_
FNDA:1,$s18EssentialFeedTests0b11ItemsMapperC0C40test_map_throwsErrorOnNon200HTTPResponseyyKF
FNDA:5,$s18EssentialFeedTests0b11ItemsMapperC0C40test_map_throwsErrorOnNon200HTTPResponseyyKFySiKXEfU_
FNDA:5,$s18EssentialFeedTests0b11ItemsMapperC0C40test_map_throwsErrorOnNon200HTTPResponseyyKFySiKXEfU_Say0aB00B5ImageVGyKXEfu_
FNDA:1,$s18EssentialFeedTests0b11ItemsMapperC0C52test_map_throwsErrorOn200HTTPResponseWithInvalidJSONyyF
FNDA:1,$s18EssentialFeedTests0b11ItemsMapperC0C52test_map_throwsErrorOn200HTTPResponseWithInvalidJSONyyFSay0aB00B5ImageVGyKXEfu_
FNDA:1,$s18EssentialFeedTests0b11ItemsMapperC0C019test_map_deliversNoD34On200HTTPResponseWithEmptyJSONListyyKF
FNDA:1,$s18EssentialFeedTests0b11ItemsMapperC0C019test_map_deliversNoD34On200HTTPResponseWithEmptyJSONListyyKFSay0aB00B5ImageVGyKXEfu_
FNDA:1,$s18EssentialFeedTests0b11ItemsMapperC0C019test_map_deliversNoD34On200HTTPResponseWithEmptyJSONListyyKFSay0aB00B5ImageVGyKXEfu0_
FNDA:1,$s18EssentialFeedTests0b11ItemsMapperC0C017test_map_deliversD30On200HTTPResponseWithJSONItemsyyKF
FNDA:1,$s18EssentialFeedTests0b11ItemsMapperC0C017test_map_deliversD30On200HTTPResponseWithJSONItemsyyKFSay0aB00B5ImageVGyKXEfu_
FNDA:1,$s18EssentialFeedTests0b11ItemsMapperC0C017test_map_deliversD30On200HTTPResponseWithJSONItemsyyKFSay0aB00B5ImageVGyKXEfu0_
FNDA:2,$s18EssentialFeedTests0b11ItemsMapperC0C8makeItem33_7C24F0B4850578FA2D46568D8FEF821DLL2id11description8location8imageURL0aB00B5ImageV5model_SDySSypG4jsont10Foundation4UUIDV_SSSgAsP0S0VtF
FNDA:8,$s18EssentialFeedTests0b11ItemsMapperC0C8makeItem33_7C24F0B4850578FA2D46568D8FEF821DLL2id11description8location8imageURL0aB00B5ImageV5model_SDySSypG4jsont10Foundation4UUIDV_SSSgAsP0S0VtFA2SXEfU_
FNF:13
FNH:13
DA:10,1
DA:11,1
DA:12,1
DA:13,1
DA:14,5
DA:15,5
DA:16,5
DA:17,5
DA:18,5
DA:19,1
DA:21,1
DA:22,1
DA:23,1
DA:24,1
DA:25,1
DA:26,1
DA:27,1
DA:29,1
DA:30,1
DA:31,1
DA:32,1
DA:33,1
DA:34,1
DA:35,1
DA:37,1
DA:38,1
DA:39,1
DA:40,1
DA:41,1
DA:42,1
DA:43,1
DA:44,1
DA:45,1
DA:46,1
DA:47,1
DA:48,1
DA:49,1
DA:50,1
DA:51,1
DA:52,1
DA:53,1
DA:57,2
DA:58,2
DA:59,2
DA:60,2
DA:61,2
DA:62,2
DA:63,2
DA:64,2
DA:65,8
DA:66,2
DA:67,2
DA:68,2
BRF:0
BRH:0
LF:65
LH:65
end_of_record
SF:/Users/juancarlosmerlosalbarracin/Developer/Essential_Developer/essential-feed-case-study/EssentialFeed/EssentialFeedTests/Feed Cache/CacheFeedImageDataUseCaseTests.swift
FN:10,$s18EssentialFeedTests05Cacheb16ImageDataUseCaseC0C41test_init_doesNotMessageStoreUponCreationyyF
FN:13,$s18EssentialFeedTests05Cacheb16ImageDataUseCaseC0C41test_init_doesNotMessageStoreUponCreationyyFSbyKXEfu_
FN:16,$s18EssentialFeedTests05Cacheb16ImageDataUseCaseC0C09test_saveef15ForURL_requestsef9InsertionkL0yyF
FN:23,$s18EssentialFeedTests05Cacheb16ImageDataUseCaseC0C09test_saveef15ForURL_requestsef9InsertionkL0yyFSayAA0beF8StoreSpyC7MessageOGyKXEfu_
FN:23,$s18EssentialFeedTests05Cacheb16ImageDataUseCaseC0C09test_saveef15ForURL_requestsef9InsertionkL0yyFSayAA0beF8StoreSpyC7MessageOGyKXEfu0_
FN:26,$s18EssentialFeedTests05Cacheb16ImageDataUseCaseC0C09test_saveeF34FromURL_failsOnStoreInsertionErroryyF
FN:29,$s18EssentialFeedTests05Cacheb16ImageDataUseCaseC0C09test_saveeF34FromURL_failsOnStoreInsertionErroryyFyyXEfU_
FN:35,$s18EssentialFeedTests05Cacheb16ImageDataUseCaseC0C09test_saveeF42FromURL_succeedsOnSuccessfulStoreInsertionyyF
FN:38,$s18EssentialFeedTests05Cacheb16ImageDataUseCaseC0C09test_saveeF42FromURL_succeedsOnSuccessfulStoreInsertionyyFyyXEfU_
FN:45,$s18EssentialFeedTests05Cacheb16ImageDataUseCaseC0C7makeSUT33_30EE5EC6584E0672839EEEF5AB47F6CBLL0aB005LocalbeF6LoaderC3sut_AA0beF8StoreSpyC5storetyF
FN:51,$s18EssentialFeedTests05Cacheb16ImageDataUseCaseC0C6failed33_30EE5EC6584E0672839EEEF5AB47F6CBLLs6ResultOyyts5Error_pGyF
FN:55,$s18EssentialFeedTests05Cacheb16ImageDataUseCaseC0C6expect33_30EE5EC6584E0672839EEEF5AB47F6CBLL_14toCompleteWith4when4file4liney0aB005LocalbeF6LoaderC_s6ResultOyyts5Error_pGyyXEs12StaticStringVSutF
FN:58,$s18EssentialFeedTests05Cacheb16ImageDataUseCaseC0C6expect33_30EE5EC6584E0672839EEEF5AB47F6CBLL_14toCompleteWith4when4file4liney0aB005LocalbeF6LoaderC_s6ResultOyyts5Error_pGyyXEs12StaticStringVSutFyyKXEfU_
FN:66,$s18EssentialFeedTests05Cacheb16ImageDataUseCaseC0C6expect33_30EE5EC6584E0672839EEEF5AB47F6CBLL_14toCompleteWith4when4file4liney0aB005LocalbeF6LoaderC_s6ResultOyyts5Error_pGyyXEs12StaticStringVSutFAL04SaveZ0OyKXEfu_
FN:66,$s18EssentialFeedTests05Cacheb16ImageDataUseCaseC0C6expect33_30EE5EC6584E0672839EEEF5AB47F6CBLL_14toCompleteWith4when4file4liney0aB005LocalbeF6LoaderC_s6ResultOyyts5Error_pGyyXEs12StaticStringVSutFAL04SaveZ0OyKXEfu0_
FNDA:1,$s18EssentialFeedTests05Cacheb16ImageDataUseCaseC0C41test_init_doesNotMessageStoreUponCreationyyF
FNDA:1,$s18EssentialFeedTests05Cacheb16ImageDataUseCaseC0C41test_init_doesNotMessageStoreUponCreationyyFSbyKXEfu_
FNDA:1,$s18EssentialFeedTests05Cacheb16ImageDataUseCaseC0C09test_saveef15ForURL_requestsef9InsertionkL0yyF
FNDA:1,$s18EssentialFeedTests05Cacheb16ImageDataUseCaseC0C09test_saveef15ForURL_requestsef9InsertionkL0yyFSayAA0beF8StoreSpyC7MessageOGyKXEfu_
FNDA:1,$s18EssentialFeedTests05Cacheb16ImageDataUseCaseC0C09test_saveef15ForURL_requestsef9InsertionkL0yyFSayAA0beF8StoreSpyC7MessageOGyKXEfu0_
FNDA:1,$s18EssentialFeedTests05Cacheb16ImageDataUseCaseC0C09test_saveeF34FromURL_failsOnStoreInsertionErroryyF
FNDA:1,$s18EssentialFeedTests05Cacheb16ImageDataUseCaseC0C09test_saveeF34FromURL_failsOnStoreInsertionErroryyFyyXEfU_
FNDA:1,$s18EssentialFeedTests05Cacheb16ImageDataUseCaseC0C09test_saveeF42FromURL_succeedsOnSuccessfulStoreInsertionyyF
FNDA:1,$s18EssentialFeedTests05Cacheb16ImageDataUseCaseC0C09test_saveeF42FromURL_succeedsOnSuccessfulStoreInsertionyyFyyXEfU_
FNDA:4,$s18EssentialFeedTests05Cacheb16ImageDataUseCaseC0C7makeSUT33_30EE5EC6584E0672839EEEF5AB47F6CBLL0aB005LocalbeF6LoaderC3sut_AA0beF8StoreSpyC5storetyF
FNDA:1,$s18EssentialFeedTests05Cacheb16ImageDataUseCaseC0C6failed33_30EE5EC6584E0672839EEEF5AB47F6CBLLs6ResultOyyts5Error_pGyF
FNDA:2,$s18EssentialFeedTests05Cacheb16ImageDataUseCaseC0C6expect33_30EE5EC6584E0672839EEEF5AB47F6CBLL_14toCompleteWith4when4file4liney0aB005LocalbeF6LoaderC_s6ResultOyyts5Error_pGyyXEs12StaticStringVSutF
FNDA:2,$s18EssentialFeedTests05Cacheb16ImageDataUseCaseC0C6expect33_30EE5EC6584E0672839EEEF5AB47F6CBLL_14toCompleteWith4when4file4liney0aB005LocalbeF6LoaderC_s6ResultOyyts5Error_pGyyXEs12StaticStringVSutFyyKXEfU_
FNDA:1,$s18EssentialFeedTests05Cacheb16ImageDataUseCaseC0C6expect33_30EE5EC6584E0672839EEEF5AB47F6CBLL_14toCompleteWith4when4file4liney0aB005LocalbeF6LoaderC_s6ResultOyyts5Error_pGyyXEs12StaticStringVSutFAL04SaveZ0OyKXEfu_
FNDA:1,$s18EssentialFeedTests05Cacheb16ImageDataUseCaseC0C6expect33_30EE5EC6584E0672839EEEF5AB47F6CBLL_14toCompleteWith4when4file4liney0aB005LocalbeF6LoaderC_s6ResultOyyts5Error_pGyyXEs12StaticStringVSutFAL04SaveZ0OyKXEfu0_
FNF:15
FNH:15
DA:10,1
DA:11,1
DA:12,1
DA:13,1
DA:14,1
DA:16,1
DA:17,1
DA:18,1
DA:19,1
DA:20,1
DA:21,1
DA:22,1
DA:23,1
DA:24,1
DA:26,1
DA:27,1
DA:28,1
DA:29,1
DA:30,1
DA:31,1
DA:32,1
DA:33,1
DA:35,1
DA:36,1
DA:37,1
DA:38,1
DA:39,1
DA:40,1
DA:41,1
DA:45,4
DA:46,4
DA:47,4
DA:48,4
DA:49,4
DA:51,1
DA:52,1
DA:53,1
DA:55,2
DA:56,2
DA:57,2
DA:58,2
DA:59,2
DA:60,2
DA:61,2
DA:62,1
DA:63,2
DA:64,2
DA:65,1
DA:66,1
DA:67,2
DA:68,2
DA:69,0
DA:70,2
DA:71,2
BRF:0
BRH:0
LF:67
LH:66
end_of_record
SF:/Users/juancarlosmerlosalbarracin/Developer/Essential_Developer/essential-feed-case-study/EssentialFeed/EssentialFeedTests/Feed Cache/CacheFeedUseCaseTests.swift
FN:10,$s18EssentialFeedTests05Cacheb7UseCaseC0C41test_init_doesNotMessageStoreUponCreationyyF
FN:13,$s18EssentialFeedTests05Cacheb7UseCaseC0C41test_init_doesNotMessageStoreUponCreationyyFSayAA0bL3SpyC08ReceivedK0OGyKXEfu_
FN:13,$s18EssentialFeedTests05Cacheb7UseCaseC0C41test_init_doesNotMessageStoreUponCreationyyFSayAA0bL3SpyC08ReceivedK0OGyKXEfu0_
FN:16,$s18EssentialFeedTests05Cacheb7UseCaseC0C024test_save_doesNotRequestD24InsertionOnDeletionErroryyF
FN:23,$s18EssentialFeedTests05Cacheb7UseCaseC0C024test_save_doesNotRequestD24InsertionOnDeletionErroryyFSayAA0B8StoreSpyC15ReceivedMessageOGyKXEfu_
FN:23,$s18EssentialFeedTests05Cacheb7UseCaseC0C024test_save_doesNotRequestD24InsertionOnDeletionErroryyFSayAA0B8StoreSpyC15ReceivedMessageOGyKXEfu0_
FN:26,$s18EssentialFeedTests05Cacheb7UseCaseC0C021test_save_requestsNewD42InsertionWithTimestampOnSuccessfulDeletionyyF
FN:29,$s18EssentialFeedTests05Cacheb7UseCaseC0C021test_save_requestsNewD42InsertionWithTimestampOnSuccessfulDeletionyyF10Foundation4DateVycfU_
FN:34,$s18EssentialFeedTests05Cacheb7UseCaseC0C021test_save_requestsNewD42InsertionWithTimestampOnSuccessfulDeletionyyFSayAA0B8StoreSpyC15ReceivedMessageOGyKXEfu_
FN:34,$s18EssentialFeedTests05Cacheb7UseCaseC0C021test_save_requestsNewD42InsertionWithTimestampOnSuccessfulDeletionyyFSayAA0B8StoreSpyC15ReceivedMessageOGyKXEfu0_
FN:37,$s18EssentialFeedTests05Cacheb7UseCaseC0C30test_save_failsOnDeletionErroryyF
FN:41,$s18EssentialFeedTests05Cacheb7UseCaseC0C30test_save_failsOnDeletionErroryyFyyXEfU_
FN:46,$s18EssentialFeedTests05Cacheb7UseCaseC0C31test_save_failsOnInsertionErroryyF
FN:50,$s18EssentialFeedTests05Cacheb7UseCaseC0C31test_save_failsOnInsertionErroryyFyyXEfU_
FN:56,$s18EssentialFeedTests05Cacheb7UseCaseC0C030test_save_succeedsOnSuccessfulD9InsertionyyF
FN:59,$s18EssentialFeedTests05Cacheb7UseCaseC0C030test_save_succeedsOnSuccessfulD9InsertionyyFyyXEfU_
FN:67,$s18EssentialFeedTests05Cacheb7UseCaseC0C7makeSUT33_4DA56C063DA7154BD1A389B914A232A0LL11currentDate4file4line0aB005LocalB6LoaderC3sut_AA0B8StoreSpyC5storet10Foundation0R0Vyc_s12StaticStringVSutFfA_ARycfu_
FN:67,$s18EssentialFeedTests05Cacheb7UseCaseC0C7makeSUT33_4DA56C063DA7154BD1A389B914A232A0LL11currentDate4file4line0aB005LocalB6LoaderC3sut_AA0B8StoreSpyC5storet10Foundation0R0Vyc_s12StaticStringVSutF
FN:75,$s18EssentialFeedTests05Cacheb7UseCaseC0C6expect33_4DA56C063DA7154BD1A389B914A232A0LL_19toCompleteWithError4when4file4liney0aB005LocalB6LoaderC_So7NSErrorCSgyyXEs12StaticStringVSutF
FN:81,$s18EssentialFeedTests05Cacheb7UseCaseC0C6expect33_4DA56C063DA7154BD1A389B914A232A0LL_19toCompleteWithError4when4file4liney0aB005LocalB6LoaderC_So7NSErrorCSgyyXEs12StaticStringVSutFAOyKXEfu_
FN:81,$s18EssentialFeedTests05Cacheb7UseCaseC0C6expect33_4DA56C063DA7154BD1A389B914A232A0LL_19toCompleteWithError4when4file4liney0aB005LocalB6LoaderC_So7NSErrorCSgyyXEs12StaticStringVSutFAOyKXEfu0_
FNDA:1,$s18EssentialFeedTests05Cacheb7UseCaseC0C41test_init_doesNotMessageStoreUponCreationyyF
FNDA:1,$s18EssentialFeedTests05Cacheb7UseCaseC0C41test_init_doesNotMessageStoreUponCreationyyFSayAA0bL3SpyC08ReceivedK0OGyKXEfu_
FNDA:1,$s18EssentialFeedTests05Cacheb7UseCaseC0C41test_init_doesNotMessageStoreUponCreationyyFSayAA0bL3SpyC08ReceivedK0OGyKXEfu0_
FNDA:1,$s18EssentialFeedTests05Cacheb7UseCaseC0C024test_save_doesNotRequestD24InsertionOnDeletionErroryyF
FNDA:1,$s18EssentialFeedTests05Cacheb7UseCaseC0C024test_save_doesNotRequestD24InsertionOnDeletionErroryyFSayAA0B8StoreSpyC15ReceivedMessageOGyKXEfu_
FNDA:1,$s18EssentialFeedTests05Cacheb7UseCaseC0C024test_save_doesNotRequestD24InsertionOnDeletionErroryyFSayAA0B8StoreSpyC15ReceivedMessageOGyKXEfu0_
FNDA:1,$s18EssentialFeedTests05Cacheb7UseCaseC0C021test_save_requestsNewD42InsertionWithTimestampOnSuccessfulDeletionyyF
FNDA:1,$s18EssentialFeedTests05Cacheb7UseCaseC0C021test_save_requestsNewD42InsertionWithTimestampOnSuccessfulDeletionyyF10Foundation4DateVycfU_
FNDA:1,$s18EssentialFeedTests05Cacheb7UseCaseC0C021test_save_requestsNewD42InsertionWithTimestampOnSuccessfulDeletionyyFSayAA0B8StoreSpyC15ReceivedMessageOGyKXEfu_
FNDA:1,$s18EssentialFeedTests05Cacheb7UseCaseC0C021test_save_requestsNewD42InsertionWithTimestampOnSuccessfulDeletionyyFSayAA0B8StoreSpyC15ReceivedMessageOGyKXEfu0_
FNDA:1,$s18EssentialFeedTests05Cacheb7UseCaseC0C30test_save_failsOnDeletionErroryyF
FNDA:1,$s18EssentialFeedTests05Cacheb7UseCaseC0C30test_save_failsOnDeletionErroryyFyyXEfU_
FNDA:1,$s18EssentialFeedTests05Cacheb7UseCaseC0C31test_save_failsOnInsertionErroryyF
FNDA:1,$s18EssentialFeedTests05Cacheb7UseCaseC0C31test_save_failsOnInsertionErroryyFyyXEfU_
FNDA:1,$s18EssentialFeedTests05Cacheb7UseCaseC0C030test_save_succeedsOnSuccessfulD9InsertionyyF
FNDA:1,$s18EssentialFeedTests05Cacheb7UseCaseC0C030test_save_succeedsOnSuccessfulD9InsertionyyFyyXEfU_
FNDA:2,$s18EssentialFeedTests05Cacheb7UseCaseC0C7makeSUT33_4DA56C063DA7154BD1A389B914A232A0LL11currentDate4file4line0aB005LocalB6LoaderC3sut_AA0B8StoreSpyC5storet10Foundation0R0Vyc_s12StaticStringVSutFfA_ARycfu_
FNDA:6,$s18EssentialFeedTests05Cacheb7UseCaseC0C7makeSUT33_4DA56C063DA7154BD1A389B914A232A0LL11currentDate4file4line0aB005LocalB6LoaderC3sut_AA0B8StoreSpyC5storet10Foundation0R0Vyc_s12StaticStringVSutF
FNDA:3,$s18EssentialFeedTests05Cacheb7UseCaseC0C6expect33_4DA56C063DA7154BD1A389B914A232A0LL_19toCompleteWithError4when4file4liney0aB005LocalB6LoaderC_So7NSErrorCSgyyXEs12StaticStringVSutF
FNDA:2,$s18EssentialFeedTests05Cacheb7UseCaseC0C6expect33_4DA56C063DA7154BD1A389B914A232A0LL_19toCompleteWithError4when4file4liney0aB005LocalB6LoaderC_So7NSErrorCSgyyXEs12StaticStringVSutFAOyKXEfu_
FNDA:2,$s18EssentialFeedTests05Cacheb7UseCaseC0C6expect33_4DA56C063DA7154BD1A389B914A232A0LL_19toCompleteWithError4when4file4liney0aB005LocalB6LoaderC_So7NSErrorCSgyyXEs12StaticStringVSutFAOyKXEfu0_
FNF:21
FNH:21
DA:10,1
DA:11,1
DA:12,1
DA:13,1
DA:14,1
DA:16,1
DA:17,1
DA:18,1
DA:19,1
DA:20,1
DA:21,1
DA:22,1
DA:23,1
DA:24,1
DA:26,1
DA:27,1
DA:28,1
DA:29,1
DA:30,1
DA:31,1
DA:32,1
DA:33,1
DA:34,1
DA:35,1
DA:37,1
DA:38,1
DA:39,1
DA:40,1
DA:41,1
DA:42,1
DA:43,1
DA:44,1
DA:46,1
DA:47,1
DA:48,1
DA:49,1
DA:50,1
DA:51,1
DA:52,1
DA:53,1
DA:54,1
DA:56,1
DA:57,1
DA:58,1
DA:59,1
DA:60,1
DA:61,1
DA:62,1
DA:63,1
DA:67,6
DA:68,6
DA:69,6
DA:70,6
DA:71,6
DA:72,6
DA:73,6
DA:75,3
DA:76,3
DA:77,3
DA:78,3
DA:79,3
DA:80,2
DA:81,2
DA:82,3
DA:83,3
BRF:0
BRH:0
LF:86
LH:86
end_of_record
SF:/Users/juancarlosmerlosalbarracin/Developer/Essential_Developer/essential-feed-case-study/EssentialFeed/EssentialFeedTests/Feed Cache/CoreDataFeedImageDataStoreTests.swift
FN:10,$s18EssentialFeedTests08CoreDatab5Imagee5StoreC0C013test_retrievefE26_deliversNotFoundWhenEmptyyyF
FN:16,$s18EssentialFeedTests08CoreDatab5Imagee5StoreC0C013test_retrievefe27_deliversNotFoundWhenStorede7URLDoesK5MatchyyF
FN:26,$s18EssentialFeedTests08CoreDatab5Imagee5StoreC0C013test_retrievefe14_deliversFounde18WhenThereIsAStoredfE11MatchingURLyyF
FN:36,$s18EssentialFeedTests08CoreDatab5Imagee5StoreC0C013test_retrievefE26_deliversLastInsertedValueyyF
FN:50,$s18EssentialFeedTests08CoreDatab5Imagee5StoreC0C7makeSUT33_1D066DBB84B1D050B9B952DFF50D9FF9LL4file4line0aB00debG0Cs12StaticStringV_SutF
FN:57,$s18EssentialFeedTests08CoreDatab5Imagee5StoreC0C8notFound33_1D066DBB84B1D050B9B952DFF50D9FF9LLs6ResultOy10Foundation0E0VSgs5Error_pGyF
FN:61,$s18EssentialFeedTests08CoreDatab5Imagee5StoreC0C5found33_1D066DBB84B1D050B9B952DFF50D9FF9LLys6ResultOy10Foundation0E0VSgs5Error_pGAJF
FN:65,$s18EssentialFeedTests08CoreDatab5Imagee5StoreC0C05localF033_1D066DBB84B1D050B9B952DFF50D9FF9LL3url0aB005LocalbF0V10Foundation3URLV_tF
FN:69,$s18EssentialFeedTests08CoreDatab5Imagee5StoreC0C6expect33_1D066DBB84B1D050B9B952DFF50D9FF9LL_23toCompleteRetrievalWith3for4file4liney0aB00debG0C_s6ResultOy10Foundation0E0VSgs5Error_pGAO3URLVs12StaticStringVSutF
FN:70,$s18EssentialFeedTests08CoreDatab5Imagee5StoreC0C6expect33_1D066DBB84B1D050B9B952DFF50D9FF9LL_23toCompleteRetrievalWith3for4file4liney0aB00debG0C_s6ResultOy10Foundation0E0VSgs5Error_pGAO3URLVs12StaticStringVSutFARyKXEfU_
FN:74,$s18EssentialFeedTests08CoreDatab5Imagee5StoreC0C6expect33_1D066DBB84B1D050B9B952DFF50D9FF9LL_23toCompleteRetrievalWith3for4file4liney0aB00debG0C_s6ResultOy10Foundation0E0VSgs5Error_pGAO3URLVs12StaticStringVSutFARyKXEfu_
FN:74,$s18EssentialFeedTests08CoreDatab5Imagee5StoreC0C6expect33_1D066DBB84B1D050B9B952DFF50D9FF9LL_23toCompleteRetrievalWith3for4file4liney0aB00debG0C_s6ResultOy10Foundation0E0VSgs5Error_pGAO3URLVs12StaticStringVSutFARyKXEfu0_
FN:81,$s18EssentialFeedTests08CoreDatab5Imagee5StoreC0C6insert33_1D066DBB84B1D050B9B952DFF50D9FF9LL_3for4into4file4liney10Foundation0E0V_AJ3URLV0aB00debG0Cs12StaticStringVSutF
FNDA:1,$s18EssentialFeedTests08CoreDatab5Imagee5StoreC0C013test_retrievefE26_deliversNotFoundWhenEmptyyyF
FNDA:1,$s18EssentialFeedTests08CoreDatab5Imagee5StoreC0C013test_retrievefe27_deliversNotFoundWhenStorede7URLDoesK5MatchyyF
FNDA:1,$s18EssentialFeedTests08CoreDatab5Imagee5StoreC0C013test_retrievefe14_deliversFounde18WhenThereIsAStoredfE11MatchingURLyyF
FNDA:1,$s18EssentialFeedTests08CoreDatab5Imagee5StoreC0C013test_retrievefE26_deliversLastInsertedValueyyF
FNDA:4,$s18EssentialFeedTests08CoreDatab5Imagee5StoreC0C7makeSUT33_1D066DBB84B1D050B9B952DFF50D9FF9LL4file4line0aB00debG0Cs12StaticStringV_SutF
FNDA:2,$s18EssentialFeedTests08CoreDatab5Imagee5StoreC0C8notFound33_1D066DBB84B1D050B9B952DFF50D9FF9LLs6ResultOy10Foundation0E0VSgs5Error_pGyF
FNDA:2,$s18EssentialFeedTests08CoreDatab5Imagee5StoreC0C5found33_1D066DBB84B1D050B9B952DFF50D9FF9LLys6ResultOy10Foundation0E0VSgs5Error_pGAJF
FNDA:4,$s18EssentialFeedTests08CoreDatab5Imagee5StoreC0C05localF033_1D066DBB84B1D050B9B952DFF50D9FF9LL3url0aB005LocalbF0V10Foundation3URLV_tF
FNDA:4,$s18EssentialFeedTests08CoreDatab5Imagee5StoreC0C6expect33_1D066DBB84B1D050B9B952DFF50D9FF9LL_23toCompleteRetrievalWith3for4file4liney0aB00debG0C_s6ResultOy10Foundation0E0VSgs5Error_pGAO3URLVs12StaticStringVSutF
FNDA:4,$s18EssentialFeedTests08CoreDatab5Imagee5StoreC0C6expect33_1D066DBB84B1D050B9B952DFF50D9FF9LL_23toCompleteRetrievalWith3for4file4liney0aB00debG0C_s6ResultOy10Foundation0E0VSgs5Error_pGAO3URLVs12StaticStringVSutFARyKXEfU_
FNDA:4,$s18EssentialFeedTests08CoreDatab5Imagee5StoreC0C6expect33_1D066DBB84B1D050B9B952DFF50D9FF9LL_23toCompleteRetrievalWith3for4file4liney0aB00debG0C_s6ResultOy10Foundation0E0VSgs5Error_pGAO3URLVs12StaticStringVSutFARyKXEfu_
FNDA:4,$s18EssentialFeedTests08CoreDatab5Imagee5StoreC0C6expect33_1D066DBB84B1D050B9B952DFF50D9FF9LL_23toCompleteRetrievalWith3for4file4liney0aB00debG0C_s6ResultOy10Foundation0E0VSgs5Error_pGAO3URLVs12StaticStringVSutFARyKXEfu0_
FNDA:4,$s18EssentialFeedTests08CoreDatab5Imagee5StoreC0C6insert33_1D066DBB84B1D050B9B952DFF50D9FF9LL_3for4into4file4liney10Foundation0E0V_AJ3URLV0aB00debG0Cs12StaticStringVSutF
FNF:13
FNH:13
DA:10,1
DA:11,1
DA:12,1
DA:13,1
DA:14,1
DA:16,1
DA:17,1
DA:18,1
DA:19,1
DA:20,1
DA:21,1
DA:22,1
DA:23,1
DA:24,1
DA:26,1
DA:27,1
DA:28,1
DA:29,1
DA:30,1
DA:31,1
DA:32,1
DA:33,1
DA:34,1
DA:36,1
DA:37,1
DA:38,1
DA:39,1
DA:40,1
DA:41,1
DA:42,1
DA:43,1
DA:44,1
DA:45,1
DA:46,1
DA:50,4
DA:51,4
DA:52,4
DA:53,4
DA:54,4
DA:55,4
DA:57,2
DA:58,2
DA:59,2
DA:61,2
DA:62,2
DA:63,2
DA:65,4
DA:66,4
DA:67,4
DA:69,4
DA:70,4
DA:71,4
DA:72,4
DA:73,4
DA:74,4
DA:75,4
DA:76,4
DA:77,0
DA:78,4
DA:79,4
DA:81,4
DA:82,4
DA:83,4
DA:84,4
DA:85,4
DA:86,4
DA:87,0
DA:88,4
DA:89,4
BRF:0
BRH:0
LF:72
LH:70
end_of_record
SF:/Users/juancarlosmerlosalbarracin/Developer/Essential_Developer/essential-feed-case-study/EssentialFeed/EssentialFeedTests/Feed Cache/CoreDataFeedStoreTests.swift
FN:10,$s18EssentialFeedTests08CoreDatab5StoreC0C029test_retrieve_deliversEmptyOnJ5CacheyyF
FN:16,$s18EssentialFeedTests08CoreDatab5StoreC0C42test_retrieve_hasNoSideEffectsOnEmptyCacheyyF
FN:22,$s18EssentialFeedTests08CoreDatab5StoreC0C48test_retrieve_deliversFoundValuesOnNonEmptyCacheyyF
FN:28,$s18EssentialFeedTests08CoreDatab5StoreC0C45test_retrieve_hasNoSideEffectsOnNonEmptyCacheyyF
FN:34,$s18EssentialFeedTests08CoreDatab5StoreC0C39test_insert_deliversNoErrorOnEmptyCacheyyF
FN:40,$s18EssentialFeedTests08CoreDatab5StoreC0C42test_insert_deliversNoErrorOnNonEmptyCacheyyF
FN:46,$s18EssentialFeedTests08CoreDatab5StoreC0C50test_insert_overridesPreviouslyInsertedCacheValuesyyF
FN:52,$s18EssentialFeedTests08CoreDatab5StoreC0C39test_delete_deliversNoErrorOnEmptyCacheyyF
FN:58,$s18EssentialFeedTests08CoreDatab5StoreC0C40test_delete_hasNoSideEffectsOnEmptyCacheyyF
FN:64,$s18EssentialFeedTests08CoreDatab5StoreC0C42test_delete_deliversNoErrorOnNonEmptyCacheyyF
FN:70,$s18EssentialFeedTests08CoreDatab5StoreC0C42test_delete_emptiesPreviouslyInsertedCacheyyF
FN:78,$s18EssentialFeedTests08CoreDatab5StoreC0C7makeSUT33_1D526B3B0841AB04A9AA0450B529BAC1LL4file4line0aB00bF0_ps12StaticStringV_SutF
FNDA:1,$s18EssentialFeedTests08CoreDatab5StoreC0C029test_retrieve_deliversEmptyOnJ5CacheyyF
FNDA:1,$s18EssentialFeedTests08CoreDatab5StoreC0C42test_retrieve_hasNoSideEffectsOnEmptyCacheyyF
FNDA:1,$s18EssentialFeedTests08CoreDatab5StoreC0C48test_retrieve_deliversFoundValuesOnNonEmptyCacheyyF
FNDA:1,$s18EssentialFeedTests08CoreDatab5StoreC0C45test_retrieve_hasNoSideEffectsOnNonEmptyCacheyyF
FNDA:1,$s18EssentialFeedTests08CoreDatab5StoreC0C39test_insert_deliversNoErrorOnEmptyCacheyyF
FNDA:1,$s18EssentialFeedTests08CoreDatab5StoreC0C42test_insert_deliversNoErrorOnNonEmptyCacheyyF
FNDA:1,$s18EssentialFeedTests08CoreDatab5StoreC0C50test_insert_overridesPreviouslyInsertedCacheValuesyyF
FNDA:1,$s18EssentialFeedTests08CoreDatab5StoreC0C39test_delete_deliversNoErrorOnEmptyCacheyyF
FNDA:1,$s18EssentialFeedTests08CoreDatab5StoreC0C40test_delete_hasNoSideEffectsOnEmptyCacheyyF
FNDA:1,$s18EssentialFeedTests08CoreDatab5StoreC0C42test_delete_deliversNoErrorOnNonEmptyCacheyyF
FNDA:1,$s18EssentialFeedTests08CoreDatab5StoreC0C42test_delete_emptiesPreviouslyInsertedCacheyyF
FNDA:11,$s18EssentialFeedTests08CoreDatab5StoreC0C7makeSUT33_1D526B3B0841AB04A9AA0450B529BAC1LL4file4line0aB00bF0_ps12StaticStringV_SutF
FNF:12
FNH:12
DA:10,1
DA:11,1
DA:12,1
DA:13,1
DA:14,1
DA:16,1
DA:17,1
DA:18,1
DA:19,1
DA:20,1
DA:22,1
DA:23,1
DA:24,1
DA:25,1
DA:26,1
DA:28,1
DA:29,1
DA:30,1
DA:31,1
DA:32,1
DA:34,1
DA:35,1
DA:36,1
DA:37,1
DA:38,1
DA:40,1
DA:41,1
DA:42,1
DA:43,1
DA:44,1
DA:46,1
DA:47,1
DA:48,1
DA:49,1
DA:50,1
DA:52,1
DA:53,1
DA:54,1
DA:55,1
DA:56,1
DA:58,1
DA:59,1
DA:60,1
DA:61,1
DA:62,1
DA:64,1
DA:65,1
DA:66,1
DA:67,1
DA:68,1
DA:70,1
DA:71,1
DA:72,1
DA:73,1
DA:74,1
DA:78,11
DA:79,11
DA:80,11
DA:81,11
DA:82,11
DA:83,11
BRF:0
BRH:0
LF:61
LH:61
end_of_record
SF:/Users/juancarlosmerlosalbarracin/Developer/Essential_Developer/essential-feed-case-study/EssentialFeed/EssentialFeedTests/Feed Cache/FeedStoreSpecs/XCTestCase+FailableDeleteFeedStoreSpecs.swift
FN:9,$s18EssentialFeedTests014FailableDeleteB10StoreSpecsPAASo10XCTestCaseCRbzrlE010assertThate23DeliversErrorOnDeletionM02on4file4liney0aB00bF0_p_s12StaticStringVSutF
FN:12,$s18EssentialFeedTests014FailableDeleteB10StoreSpecsPAASo10XCTestCaseCRbzrlE010assertThate23DeliversErrorOnDeletionM02on4file4liney0aB00bF0_p_s12StaticStringVSutFypSgyKXEfu_
FN:12,$s18EssentialFeedTests014FailableDeleteB10StoreSpecsPAASo10XCTestCaseCRbzrlE010assertThate23DeliversErrorOnDeletionM02on4file4liney0aB00bF0_p_s12StaticStringVSutFSSyXEfu0_
FN:15,$s18EssentialFeedTests014FailableDeleteB10StoreSpecsPAASo10XCTestCaseCRbzrlE010assertThatE31HasNoSideEffectsOnDeletionError2on4file4liney0aB00bF0_p_s12StaticStringVSutF
FNDA:0,$s18EssentialFeedTests014FailableDeleteB10StoreSpecsPAASo10XCTestCaseCRbzrlE010assertThate23DeliversErrorOnDeletionM02on4file4liney0aB00bF0_p_s12StaticStringVSutF
FNDA:0,$s18EssentialFeedTests014FailableDeleteB10StoreSpecsPAASo10XCTestCaseCRbzrlE010assertThate23DeliversErrorOnDeletionM02on4file4liney0aB00bF0_p_s12StaticStringVSutFypSgyKXEfu_
FNDA:0,$s18EssentialFeedTests014FailableDeleteB10StoreSpecsPAASo10XCTestCaseCRbzrlE010assertThate23DeliversErrorOnDeletionM02on4file4liney0aB00bF0_p_s12StaticStringVSutFSSyXEfu0_
FNDA:0,$s18EssentialFeedTests014FailableDeleteB10StoreSpecsPAASo10XCTestCaseCRbzrlE010assertThatE31HasNoSideEffectsOnDeletionError2on4file4liney0aB00bF0_p_s12StaticStringVSutF
FNF:4
FNH:0
DA:9,0
DA:10,0
DA:11,0
DA:12,0
DA:13,0
DA:15,0
DA:16,0
DA:17,0
DA:18,0
DA:19,0
BRF:0
BRH:0
LF:12
LH:0
end_of_record
SF:/Users/juancarlosmerlosalbarracin/Developer/Essential_Developer/essential-feed-case-study/EssentialFeed/EssentialFeedTests/Feed Cache/FeedStoreSpecs/XCTestCase+FailableInsertFeedStoreSpecs.swift
FN:9,$s18EssentialFeedTests014FailableInsertB10StoreSpecsPAASo10XCTestCaseCRbzrlE010assertThate24DeliversErrorOnInsertionM02on4file4liney0aB00bF0_p_s12StaticStringVSutF
FN:12,$s18EssentialFeedTests014FailableInsertB10StoreSpecsPAASo10XCTestCaseCRbzrlE010assertThate24DeliversErrorOnInsertionM02on4file4liney0aB00bF0_p_s12StaticStringVSutFypSgyKXEfu_
FN:12,$s18EssentialFeedTests014FailableInsertB10StoreSpecsPAASo10XCTestCaseCRbzrlE010assertThate24DeliversErrorOnInsertionM02on4file4liney0aB00bF0_p_s12StaticStringVSutFSSyXEfu0_
FN:15,$s18EssentialFeedTests014FailableInsertB10StoreSpecsPAASo10XCTestCaseCRbzrlE010assertThatE32HasNoSideEffectsOnInsertionError2on4file4liney0aB00bF0_p_s12StaticStringVSutF
FNDA:0,$s18EssentialFeedTests014FailableInsertB10StoreSpecsPAASo10XCTestCaseCRbzrlE010assertThate24DeliversErrorOnInsertionM02on4file4liney0aB00bF0_p_s12StaticStringVSutF
FNDA:0,$s18EssentialFeedTests014FailableInsertB10StoreSpecsPAASo10XCTestCaseCRbzrlE010assertThate24DeliversErrorOnInsertionM02on4file4liney0aB00bF0_p_s12StaticStringVSutFypSgyKXEfu_
FNDA:0,$s18EssentialFeedTests014FailableInsertB10StoreSpecsPAASo10XCTestCaseCRbzrlE010assertThate24DeliversErrorOnInsertionM02on4file4liney0aB00bF0_p_s12StaticStringVSutFSSyXEfu0_
FNDA:0,$s18EssentialFeedTests014FailableInsertB10StoreSpecsPAASo10XCTestCaseCRbzrlE010assertThatE32HasNoSideEffectsOnInsertionError2on4file4liney0aB00bF0_p_s12StaticStringVSutF
FNF:4
FNH:0
DA:9,0
DA:10,0
DA:11,0
DA:12,0
DA:13,0
DA:15,0
DA:16,0
DA:17,0
DA:18,0
DA:19,0
BRF:0
BRH:0
LF:12
LH:0
end_of_record
SF:/Users/juancarlosmerlosalbarracin/Developer/Essential_Developer/essential-feed-case-study/EssentialFeed/EssentialFeedTests/Feed Cache/FeedStoreSpecs/XCTestCase+FailableRetrieveFeedStoreSpecs.swift
FN:9,$s18EssentialFeedTests016FailableRetrieveB10StoreSpecsPAASo10XCTestCaseCRbzrlE010assertThatE31DeliversFailureOnRetrievalError2on4file4liney0aB00bF0_p_s12StaticStringVSutF
FN:13,$s18EssentialFeedTests016FailableRetrieveB10StoreSpecsPAASo10XCTestCaseCRbzrlE010assertThatE25HasNoSideEffectsOnFailure2on4file4liney0aB00bF0_p_s12StaticStringVSutF
FNDA:0,$s18EssentialFeedTests016FailableRetrieveB10StoreSpecsPAASo10XCTestCaseCRbzrlE010assertThatE31DeliversFailureOnRetrievalError2on4file4liney0aB00bF0_p_s12StaticStringVSutF
FNDA:0,$s18EssentialFeedTests016FailableRetrieveB10StoreSpecsPAASo10XCTestCaseCRbzrlE010assertThatE25HasNoSideEffectsOnFailure2on4file4liney0aB00bF0_p_s12StaticStringVSutF
FNF:2
FNH:0
DA:9,0
DA:10,0
DA:11,0
DA:13,0
DA:14,0
DA:15,0
BRF:0
BRH:0
LF:6
LH:0
end_of_record
SF:/Users/juancarlosmerlosalbarracin/Developer/Essential_Developer/essential-feed-case-study/EssentialFeed/EssentialFeedTests/Feed Cache/FeedStoreSpecs/XCTestCase+FeedStoreSpecs.swift
FN:10,$s18EssentialFeedTests0B10StoreSpecsPAASo10XCTestCaseCRbzrlE033assertThatRetrieveDeliversEmptyOnL5Cache2on4file4liney0aB00bD0_p_s12StaticStringVSutF
FN:14,$s18EssentialFeedTests0B10StoreSpecsPAASo10XCTestCaseCRbzrlE46assertThatRetrieveHasNoSideEffectsOnEmptyCache2on4file4liney0aB00bD0_p_s12StaticStringVSutF
FN:18,$s18EssentialFeedTests0B10StoreSpecsPAASo10XCTestCaseCRbzrlE52assertThatRetrieveDeliversFoundValuesOnNonEmptyCache2on4file4liney0aB00bD0_p_s12StaticStringVSutF
FN:27,$s18EssentialFeedTests0B10StoreSpecsPAASo10XCTestCaseCRbzrlE49assertThatRetrieveHasNoSideEffectsOnNonEmptyCache2on4file4liney0aB00bD0_p_s12StaticStringVSutF
FN:36,$s18EssentialFeedTests0B10StoreSpecsPAASo10XCTestCaseCRbzrlE43assertThatInsertDeliversNoErrorOnEmptyCache2on4file4liney0aB00bD0_p_s12StaticStringVSutF
FN:39,$s18EssentialFeedTests0B10StoreSpecsPAASo10XCTestCaseCRbzrlE43assertThatInsertDeliversNoErrorOnEmptyCache2on4file4liney0aB00bD0_p_s12StaticStringVSutFypSgyKXEfu_
FN:39,$s18EssentialFeedTests0B10StoreSpecsPAASo10XCTestCaseCRbzrlE43assertThatInsertDeliversNoErrorOnEmptyCache2on4file4liney0aB00bD0_p_s12StaticStringVSutFSSyXEfu0_
FN:42,$s18EssentialFeedTests0B10StoreSpecsPAASo10XCTestCaseCRbzrlE46assertThatInsertDeliversNoErrorOnNonEmptyCache2on4file4liney0aB00bD0_p_s12StaticStringVSutF
FN:47,$s18EssentialFeedTests0B10StoreSpecsPAASo10XCTestCaseCRbzrlE46assertThatInsertDeliversNoErrorOnNonEmptyCache2on4file4liney0aB00bD0_p_s12StaticStringVSutFypSgyKXEfu_
FN:47,$s18EssentialFeedTests0B10StoreSpecsPAASo10XCTestCaseCRbzrlE46assertThatInsertDeliversNoErrorOnNonEmptyCache2on4file4liney0aB00bD0_p_s12StaticStringVSutFSSyXEfu0_
FN:50,$s18EssentialFeedTests0B10StoreSpecsPAASo10XCTestCaseCRbzrlE54assertThatInsertOverridesPreviouslyInsertedCacheValues2on4file4liney0aB00bD0_p_s12StaticStringVSutF
FN:60,$s18EssentialFeedTests0B10StoreSpecsPAASo10XCTestCaseCRbzrlE43assertThatDeleteDeliversNoErrorOnEmptyCache2on4file4liney0aB00bD0_p_s12StaticStringVSutF
FN:63,$s18EssentialFeedTests0B10StoreSpecsPAASo10XCTestCaseCRbzrlE43assertThatDeleteDeliversNoErrorOnEmptyCache2on4file4liney0aB00bD0_p_s12StaticStringVSutFypSgyKXEfu_
FN:63,$s18EssentialFeedTests0B10StoreSpecsPAASo10XCTestCaseCRbzrlE43assertThatDeleteDeliversNoErrorOnEmptyCache2on4file4liney0aB00bD0_p_s12StaticStringVSutFSSyXEfu0_
FN:66,$s18EssentialFeedTests0B10StoreSpecsPAASo10XCTestCaseCRbzrlE44assertThatDeleteHasNoSideEffectsOnEmptyCache2on4file4liney0aB00bD0_p_s12StaticStringVSutF
FN:72,$s18EssentialFeedTests0B10StoreSpecsPAASo10XCTestCaseCRbzrlE46assertThatDeleteDeliversNoErrorOnNonEmptyCache2on4file4liney0aB00bD0_p_s12StaticStringVSutF
FN:77,$s18EssentialFeedTests0B10StoreSpecsPAASo10XCTestCaseCRbzrlE46assertThatDeleteDeliversNoErrorOnNonEmptyCache2on4file4liney0aB00bD0_p_s12StaticStringVSutFypSgyKXEfu_
FN:77,$s18EssentialFeedTests0B10StoreSpecsPAASo10XCTestCaseCRbzrlE46assertThatDeleteDeliversNoErrorOnNonEmptyCache2on4file4liney0aB00bD0_p_s12StaticStringVSutFSSyXEfu0_
FN:80,$s18EssentialFeedTests0B10StoreSpecsPAASo10XCTestCaseCRbzrlE46assertThatDeleteEmptiesPreviouslyInsertedCache2on4file4liney0aB00bD0_p_s12StaticStringVSutF
FN:92,$s18EssentialFeedTests0B10StoreSpecsPAASo10XCTestCaseCRbzrlE6insert_2tos5Error_pSgSay0aB005LocalB5ImageVG4feed_10Foundation4DateV9timestampt_AJ0bD0_ptF
FN:102,$s18EssentialFeedTests0B10StoreSpecsPAASo10XCTestCaseCRbzrlE11deleteCache4froms5Error_pSg0aB00bD0_p_tF
FN:111,$s18EssentialFeedTests0B10StoreSpecsPAASo10XCTestCaseCRbzrlE6expect_15toRetrieveTwice4file4liney0aB00bD0_p_s6ResultOySayAJ05LocalB5ImageVG4feed_10Foundation4DateV9timestamptSgs5Error_pGs12StaticStringVSutF
FN:116,$s18EssentialFeedTests0B10StoreSpecsPAASo10XCTestCaseCRbzrlE6expect_10toRetrieve4file4liney0aB00bD0_p_s6ResultOySayAJ05LocalB5ImageVG4feed_10Foundation4DateV9timestamptSgs5Error_pGs12StaticStringVSutF
FN:117,$s18EssentialFeedTests0B10StoreSpecsPAASo10XCTestCaseCRbzrlE6expect_10toRetrieve4file4liney0aB00bD0_p_s6ResultOySayAJ05LocalB5ImageVG4feed_10Foundation4DateV9timestamptSgs5Error_pGs12StaticStringVSutFAVyKXEfU_
FN:125,$s18EssentialFeedTests0B10StoreSpecsPAASo10XCTestCaseCRbzrlE6expect_10toRetrieve4file4liney0aB00bD0_p_s6ResultOySayAJ05LocalB5ImageVG4feed_10Foundation4DateV9timestamptSgs5Error_pGs12StaticStringVSutFAPyKXEfu_
FN:125,$s18EssentialFeedTests0B10StoreSpecsPAASo10XCTestCaseCRbzrlE6expect_10toRetrieve4file4liney0aB00bD0_p_s6ResultOySayAJ05LocalB5ImageVG4feed_10Foundation4DateV9timestamptSgs5Error_pGs12StaticStringVSutFAPyKXEfu0_
FN:126,$s18EssentialFeedTests0B10StoreSpecsPAASo10XCTestCaseCRbzrlE6expect_10toRetrieve4file4liney0aB00bD0_p_s6ResultOySayAJ05LocalB5ImageVG4feed_10Foundation4DateV9timestamptSgs5Error_pGs12StaticStringVSutFATyKXEfu1_
FN:126,$s18EssentialFeedTests0B10StoreSpecsPAASo10XCTestCaseCRbzrlE6expect_10toRetrieve4file4liney0aB00bD0_p_s6ResultOySayAJ05LocalB5ImageVG4feed_10Foundation4DateV9timestamptSgs5Error_pGs12StaticStringVSutFATyKXEfu2_
FNDA:1,$s18EssentialFeedTests0B10StoreSpecsPAASo10XCTestCaseCRbzrlE033assertThatRetrieveDeliversEmptyOnL5Cache2on4file4liney0aB00bD0_p_s12StaticStringVSutF
FNDA:1,$s18EssentialFeedTests0B10StoreSpecsPAASo10XCTestCaseCRbzrlE46assertThatRetrieveHasNoSideEffectsOnEmptyCache2on4file4liney0aB00bD0_p_s12StaticStringVSutF
FNDA:1,$s18EssentialFeedTests0B10StoreSpecsPAASo10XCTestCaseCRbzrlE52assertThatRetrieveDeliversFoundValuesOnNonEmptyCache2on4file4liney0aB00bD0_p_s12StaticStringVSutF
FNDA:1,$s18EssentialFeedTests0B10StoreSpecsPAASo10XCTestCaseCRbzrlE49assertThatRetrieveHasNoSideEffectsOnNonEmptyCache2on4file4liney0aB00bD0_p_s12StaticStringVSutF
FNDA:1,$s18EssentialFeedTests0B10StoreSpecsPAASo10XCTestCaseCRbzrlE43assertThatInsertDeliversNoErrorOnEmptyCache2on4file4liney0aB00bD0_p_s12StaticStringVSutF
FNDA:1,$s18EssentialFeedTests0B10StoreSpecsPAASo10XCTestCaseCRbzrlE43assertThatInsertDeliversNoErrorOnEmptyCache2on4file4liney0aB00bD0_p_s12StaticStringVSutFypSgyKXEfu_
FNDA:0,$s18EssentialFeedTests0B10StoreSpecsPAASo10XCTestCaseCRbzrlE43assertThatInsertDeliversNoErrorOnEmptyCache2on4file4liney0aB00bD0_p_s12StaticStringVSutFSSyXEfu0_
FNDA:1,$s18EssentialFeedTests0B10StoreSpecsPAASo10XCTestCaseCRbzrlE46assertThatInsertDeliversNoErrorOnNonEmptyCache2on4file4liney0aB00bD0_p_s12StaticStringVSutF
FNDA:1,$s18EssentialFeedTests0B10StoreSpecsPAASo10XCTestCaseCRbzrlE46assertThatInsertDeliversNoErrorOnNonEmptyCache2on4file4liney0aB00bD0_p_s12StaticStringVSutFypSgyKXEfu_
FNDA:0,$s18EssentialFeedTests0B10StoreSpecsPAASo10XCTestCaseCRbzrlE46assertThatInsertDeliversNoErrorOnNonEmptyCache2on4file4liney0aB00bD0_p_s12StaticStringVSutFSSyXEfu0_
FNDA:1,$s18EssentialFeedTests0B10StoreSpecsPAASo10XCTestCaseCRbzrlE54assertThatInsertOverridesPreviouslyInsertedCacheValues2on4file4liney0aB00bD0_p_s12StaticStringVSutF
FNDA:1,$s18EssentialFeedTests0B10StoreSpecsPAASo10XCTestCaseCRbzrlE43assertThatDeleteDeliversNoErrorOnEmptyCache2on4file4liney0aB00bD0_p_s12StaticStringVSutF
FNDA:1,$s18EssentialFeedTests0B10StoreSpecsPAASo10XCTestCaseCRbzrlE43assertThatDeleteDeliversNoErrorOnEmptyCache2on4file4liney0aB00bD0_p_s12StaticStringVSutFypSgyKXEfu_
FNDA:0,$s18EssentialFeedTests0B10StoreSpecsPAASo10XCTestCaseCRbzrlE43assertThatDeleteDeliversNoErrorOnEmptyCache2on4file4liney0aB00bD0_p_s12StaticStringVSutFSSyXEfu0_
FNDA:1,$s18EssentialFeedTests0B10StoreSpecsPAASo10XCTestCaseCRbzrlE44assertThatDeleteHasNoSideEffectsOnEmptyCache2on4file4liney0aB00bD0_p_s12StaticStringVSutF
FNDA:1,$s18EssentialFeedTests0B10StoreSpecsPAASo10XCTestCaseCRbzrlE46assertThatDeleteDeliversNoErrorOnNonEmptyCache2on4file4liney0aB00bD0_p_s12StaticStringVSutF
FNDA:1,$s18EssentialFeedTests0B10StoreSpecsPAASo10XCTestCaseCRbzrlE46assertThatDeleteDeliversNoErrorOnNonEmptyCache2on4file4liney0aB00bD0_p_s12StaticStringVSutFypSgyKXEfu_
FNDA:0,$s18EssentialFeedTests0B10StoreSpecsPAASo10XCTestCaseCRbzrlE46assertThatDeleteDeliversNoErrorOnNonEmptyCache2on4file4liney0aB00bD0_p_s12StaticStringVSutFSSyXEfu0_
FNDA:1,$s18EssentialFeedTests0B10StoreSpecsPAASo10XCTestCaseCRbzrlE46assertThatDeleteEmptiesPreviouslyInsertedCache2on4file4liney0aB00bD0_p_s12StaticStringVSutF
FNDA:9,$s18EssentialFeedTests0B10StoreSpecsPAASo10XCTestCaseCRbzrlE6insert_2tos5Error_pSgSay0aB005LocalB5ImageVG4feed_10Foundation4DateV9timestampt_AJ0bD0_ptF
FNDA:4,$s18EssentialFeedTests0B10StoreSpecsPAASo10XCTestCaseCRbzrlE11deleteCache4froms5Error_pSg0aB00bD0_p_tF
FNDA:2,$s18EssentialFeedTests0B10StoreSpecsPAASo10XCTestCaseCRbzrlE6expect_15toRetrieveTwice4file4liney0aB00bD0_p_s6ResultOySayAJ05LocalB5ImageVG4feed_10Foundation4DateV9timestamptSgs5Error_pGs12StaticStringVSutF
FNDA:9,$s18EssentialFeedTests0B10StoreSpecsPAASo10XCTestCaseCRbzrlE6expect_10toRetrieve4file4liney0aB00bD0_p_s6ResultOySayAJ05LocalB5ImageVG4feed_10Foundation4DateV9timestamptSgs5Error_pGs12StaticStringVSutF
FNDA:9,$s18EssentialFeedTests0B10StoreSpecsPAASo10XCTestCaseCRbzrlE6expect_10toRetrieve4file4liney0aB00bD0_p_s6ResultOySayAJ05LocalB5ImageVG4feed_10Foundation4DateV9timestamptSgs5Error_pGs12StaticStringVSutFAVyKXEfU_
FNDA:4,$s18EssentialFeedTests0B10StoreSpecsPAASo10XCTestCaseCRbzrlE6expect_10toRetrieve4file4liney0aB00bD0_p_s6ResultOySayAJ05LocalB5ImageVG4feed_10Foundation4DateV9timestamptSgs5Error_pGs12StaticStringVSutFAPyKXEfu_
FNDA:4,$s18EssentialFeedTests0B10StoreSpecsPAASo10XCTestCaseCRbzrlE6expect_10toRetrieve4file4liney0aB00bD0_p_s6ResultOySayAJ05LocalB5ImageVG4feed_10Foundation4DateV9timestamptSgs5Error_pGs12StaticStringVSutFAPyKXEfu0_
FNDA:4,$s18EssentialFeedTests0B10StoreSpecsPAASo10XCTestCaseCRbzrlE6expect_10toRetrieve4file4liney0aB00bD0_p_s6ResultOySayAJ05LocalB5ImageVG4feed_10Foundation4DateV9timestamptSgs5Error_pGs12StaticStringVSutFATyKXEfu1_
FNDA:4,$s18EssentialFeedTests0B10StoreSpecsPAASo10XCTestCaseCRbzrlE6expect_10toRetrieve4file4liney0aB00bD0_p_s6ResultOySayAJ05LocalB5ImageVG4feed_10Foundation4DateV9timestamptSgs5Error_pGs12StaticStringVSutFATyKXEfu2_
FNF:28
FNH:24
DA:10,1
DA:11,1
DA:12,1
DA:14,1
DA:15,1
DA:16,1
DA:18,1
DA:19,1
DA:20,1
DA:21,1
DA:22,1
DA:23,1
DA:24,1
DA:25,1
DA:27,1
DA:28,1
DA:29,1
DA:30,1
DA:31,1
DA:32,1
DA:33,1
DA:34,1
DA:36,1
DA:37,1
DA:38,1
DA:39,1
DA:40,1
DA:42,1
DA:43,1
DA:44,1
DA:45,1
DA:46,1
DA:47,1
DA:48,1
DA:50,1
DA:51,1
DA:52,1
DA:53,1
DA:54,1
DA:55,1
DA:56,1
DA:57,1
DA:58,1
DA:60,1
DA:61,1
DA:62,1
DA:63,1
DA:64,1
DA:66,1
DA:67,1
DA:68,1
DA:69,1
DA:70,1
DA:72,1
DA:73,1
DA:74,1
DA:75,1
DA:76,1
DA:77,1
DA:78,1
DA:80,1
DA:81,1
DA:82,1
DA:83,1
DA:84,1
DA:85,1
DA:86,1
DA:92,9
DA:93,9
DA:94,9
DA:95,9
DA:96,9
DA:97,0
DA:98,0
DA:99,9
DA:102,4
DA:103,4
DA:104,4
DA:105,4
DA:106,4
DA:107,0
DA:108,0
DA:109,4
DA:111,2
DA:112,2
DA:113,2
DA:114,2
DA:116,9
DA:117,9
DA:118,9
DA:119,9
DA:120,9
DA:121,5
DA:122,5
DA:123,9
DA:124,9
DA:125,4
DA:126,4
DA:127,9
DA:128,9
DA:129,0
DA:130,9
DA:131,9
BRF:0
BRH:0
LF:116
LH:107
end_of_record
SF:/Users/juancarlosmerlosalbarracin/Developer/Essential_Developer/essential-feed-case-study/EssentialFeed/EssentialFeedTests/Feed Cache/Helpers/FeedCacheTestHelpers.swift
FN:8,$s18EssentialFeedTests11uniqueImage0aB00bE0VyF
FN:12,$s18EssentialFeedTests011uniqueImageB0Say0aB00bE0VG6models_SayAC05LocalbE0VG5localtyF
FN:14,$s18EssentialFeedTests011uniqueImageB0Say0aB00bE0VG6models_SayAC05LocalbE0VG5localtyFAiEXEfU_
FN:19,$s10Foundation4DateV18EssentialFeedTestsE05minusD11CacheMaxAgeACyF
FN:23,$s10Foundation4DateV18EssentialFeedTestsE21feedCacheMaxAgeInDays33_4FA98112A13D9D58E0F541E88A409E52LLSivg
FNDA:54,$s18EssentialFeedTests11uniqueImage0aB00bE0VyF
FNDA:26,$s18EssentialFeedTests011uniqueImageB0Say0aB00bE0VG6models_SayAC05LocalbE0VG5localtyF
FNDA:52,$s18EssentialFeedTests011uniqueImageB0Say0aB00bE0VG6models_SayAC05LocalbE0VG5localtyFAiEXEfU_
FNDA:12,$s10Foundation4DateV18EssentialFeedTestsE05minusD11CacheMaxAgeACyF
FNDA:12,$s10Foundation4DateV18EssentialFeedTestsE21feedCacheMaxAgeInDays33_4FA98112A13D9D58E0F541E88A409E52LLSivg
FNF:5
FNH:5
DA:8,54
DA:9,54
DA:10,54
DA:12,26
DA:13,26
DA:14,52
DA:15,26
DA:16,26
DA:19,12
DA:20,12
DA:21,12
DA:23,12
DA:24,12
DA:25,12
BRF:0
BRH:0
LF:15
LH:15
end_of_record
SF:/Users/juancarlosmerlosalbarracin/Developer/Essential_Developer/essential-feed-case-study/EssentialFeed/EssentialFeedTests/Feed Cache/Helpers/FeedImageDataStoreSpy.swift
FN:14,$s18EssentialFeedTests0B17ImageDataStoreSpyC16receivedMessagesSayAC7MessageOGvpfi
FN:18,$s18EssentialFeedTests0B17ImageDataStoreSpyC6insert_3fory10Foundation0E0V_AF3URLVtKF
FN:23,$s18EssentialFeedTests0B17ImageDataStoreSpyC8retrieve10dataForURL10Foundation0E0VSgAF0K0V_tKF
FN:28,$s18EssentialFeedTests0B17ImageDataStoreSpyC17completeRetrieval4withys5Error_p_tF
FN:32,$s18EssentialFeedTests0B17ImageDataStoreSpyC17completeRetrieval4withy10Foundation0E0VSg_tF
FN:36,$s18EssentialFeedTests0B17ImageDataStoreSpyC17completeInsertion4withys5Error_p_tF
FN:40,$s18EssentialFeedTests0B17ImageDataStoreSpyC29completeInsertionSuccessfullyyyF
FNDA:9,$s18EssentialFeedTests0B17ImageDataStoreSpyC16receivedMessagesSayAC7MessageOGvpfi
FNDA:3,$s18EssentialFeedTests0B17ImageDataStoreSpyC6insert_3fory10Foundation0E0V_AF3URLVtKF
FNDA:4,$s18EssentialFeedTests0B17ImageDataStoreSpyC8retrieve10dataForURL10Foundation0E0VSgAF0K0V_tKF
FNDA:1,$s18EssentialFeedTests0B17ImageDataStoreSpyC17completeRetrieval4withys5Error_p_tF
FNDA:2,$s18EssentialFeedTests0B17ImageDataStoreSpyC17completeRetrieval4withy10Foundation0E0VSg_tF
FNDA:1,$s18EssentialFeedTests0B17ImageDataStoreSpyC17completeInsertion4withys5Error_p_tF
FNDA:1,$s18EssentialFeedTests0B17ImageDataStoreSpyC29completeInsertionSuccessfullyyyF
FNF:7
FNH:7
DA:14,9
DA:18,3
DA:19,3
DA:20,3
DA:21,2
DA:23,4
DA:24,4
DA:25,4
DA:26,4
DA:28,1
DA:29,1
DA:30,1
DA:32,2
DA:33,2
DA:34,2
DA:36,1
DA:37,1
DA:38,1
DA:40,1
DA:41,1
DA:42,1
BRF:0
BRH:0
LF:21
LH:21
end_of_record
SF:/Users/juancarlosmerlosalbarracin/Developer/Essential_Developer/essential-feed-case-study/EssentialFeed/EssentialFeedTests/Feed Cache/Helpers/FeedStoreSpy.swift
FN:15,$s18EssentialFeedTests0B8StoreSpyC16receivedMessagesSayAC15ReceivedMessageOGvpfi
FN:21,$s18EssentialFeedTests0B8StoreSpyC012deleteCachedB0yyKF
FN:26,$s18EssentialFeedTests0B8StoreSpyC16completeDeletion4withys5Error_p_tF
FN:30,$s18EssentialFeedTests0B8StoreSpyC28completeDeletionSuccessfullyyyF
FN:34,$s18EssentialFeedTests0B8StoreSpyC6insert_9timestampySay0aB005LocalB5ImageVG_10Foundation4DateVtKF
FN:39,$s18EssentialFeedTests0B8StoreSpyC17completeInsertion4withys5Error_p_tF
FN:43,$s18EssentialFeedTests0B8StoreSpyC29completeInsertionSuccessfullyyyF
FN:47,$s18EssentialFeedTests0B8StoreSpyC8retrieveSay0aB005LocalB5ImageVG4feed_10Foundation4DateV9timestamptSgyKF
FN:52,$s18EssentialFeedTests0B8StoreSpyC17completeRetrieval4withys5Error_p_tF
FN:56,$s18EssentialFeedTests0B8StoreSpyC31completeRetrievalWithEmptyCacheyyF
FN:60,$s18EssentialFeedTests0B8StoreSpyC17completeRetrieval4with9timestampySay0aB005LocalB5ImageVG_10Foundation4DateVtF
FNDA:30,$s18EssentialFeedTests0B8StoreSpyC16receivedMessagesSayAC15ReceivedMessageOGvpfi
FNDA:12,$s18EssentialFeedTests0B8StoreSpyC012deleteCachedB0yyKF
FNDA:4,$s18EssentialFeedTests0B8StoreSpyC16completeDeletion4withys5Error_p_tF
FNDA:5,$s18EssentialFeedTests0B8StoreSpyC28completeDeletionSuccessfullyyyF
FNDA:3,$s18EssentialFeedTests0B8StoreSpyC6insert_9timestampySay0aB005LocalB5ImageVG_10Foundation4DateVtKF
FNDA:1,$s18EssentialFeedTests0B8StoreSpyC17completeInsertion4withys5Error_p_tF
FNDA:1,$s18EssentialFeedTests0B8StoreSpyC29completeInsertionSuccessfullyyyF
FNDA:22,$s18EssentialFeedTests0B8StoreSpyC8retrieveSay0aB005LocalB5ImageVG4feed_10Foundation4DateV9timestamptSgyKF
FNDA:5,$s18EssentialFeedTests0B8StoreSpyC17completeRetrieval4withys5Error_p_tF
FNDA:4,$s18EssentialFeedTests0B8StoreSpyC31completeRetrievalWithEmptyCacheyyF
FNDA:12,$s18EssentialFeedTests0B8StoreSpyC17completeRetrieval4with9timestampySay0aB005LocalB5ImageVG_10Foundation4DateVtF
FNF:11
FNH:11
DA:15,30
DA:21,12
DA:22,12
DA:23,12
DA:24,8
DA:26,4
DA:27,4
DA:28,4
DA:30,5
DA:31,5
DA:32,5
DA:34,3
DA:35,3
DA:36,3
DA:37,2
DA:39,1
DA:40,1
DA:41,1
DA:43,1
DA:44,1
DA:45,1
DA:47,22
DA:48,22
DA:49,22
DA:50,22
DA:52,5
DA:53,5
DA:54,5
DA:56,4
DA:57,4
DA:58,4
DA:60,12
DA:61,12
DA:62,12
BRF:0
BRH:0
LF:34
LH:34
end_of_record
SF:/Users/juancarlosmerlosalbarracin/Developer/Essential_Developer/essential-feed-case-study/EssentialFeed/EssentialFeedTests/Feed Cache/LoadFeedFromCacheUseCaseTests.swift
FN:10,$s18EssentialFeedTests04Loadb16FromCacheUseCaseC0C41test_init_doesNotMessageStoreUponCreationyyF
FN:13,$s18EssentialFeedTests04Loadb16FromCacheUseCaseC0C41test_init_doesNotMessageStoreUponCreationyyFSayAA0bN3SpyC08ReceivedM0OGyKXEfu_
FN:13,$s18EssentialFeedTests04Loadb16FromCacheUseCaseC0C41test_init_doesNotMessageStoreUponCreationyyFSayAA0bN3SpyC08ReceivedM0OGyKXEfu0_
FN:16,$s18EssentialFeedTests04Loadb16FromCacheUseCaseC0C018test_load_requestsF9RetrievalyyF
FN:21,$s18EssentialFeedTests04Loadb16FromCacheUseCaseC0C018test_load_requestsF9RetrievalyyFSayAA0B8StoreSpyC15ReceivedMessageOGyKXEfu_
FN:21,$s18EssentialFeedTests04Loadb16FromCacheUseCaseC0C018test_load_requestsF9RetrievalyyFSayAA0B8StoreSpyC15ReceivedMessageOGyKXEfu0_
FN:24,$s18EssentialFeedTests04Loadb16FromCacheUseCaseC0C31test_load_failsOnRetrievalErroryyF
FN:28,$s18EssentialFeedTests04Loadb16FromCacheUseCaseC0C31test_load_failsOnRetrievalErroryyFyyXEfU_
FN:33,$s18EssentialFeedTests04Loadb16FromCacheUseCaseC0C033test_load_deliversNoImagesOnEmptyF0yyF
FN:36,$s18EssentialFeedTests04Loadb16FromCacheUseCaseC0C033test_load_deliversNoImagesOnEmptyF0yyFyyXEfU_
FN:41,$s18EssentialFeedTests04Loadb16FromCacheUseCaseC0C042test_load_deliversCachedImagesOnNonExpiredF0yyF
FN:45,$s18EssentialFeedTests04Loadb16FromCacheUseCaseC0C042test_load_deliversCachedImagesOnNonExpiredF0yyF10Foundation4DateVycfU_
FN:47,$s18EssentialFeedTests04Loadb16FromCacheUseCaseC0C042test_load_deliversCachedImagesOnNonExpiredF0yyFyyXEfU0_
FN:52,$s18EssentialFeedTests04Loadb16FromCacheUseCaseC0C028test_load_deliversNoImagesOnF10ExpirationyyF
FN:56,$s18EssentialFeedTests04Loadb16FromCacheUseCaseC0C028test_load_deliversNoImagesOnF10ExpirationyyF10Foundation4DateVycfU_
FN:58,$s18EssentialFeedTests04Loadb16FromCacheUseCaseC0C028test_load_deliversNoImagesOnF10ExpirationyyFyyXEfU0_
FN:63,$s18EssentialFeedTests04Loadb16FromCacheUseCaseC0C035test_load_deliversNoImagesOnExpiredF0yyF
FN:67,$s18EssentialFeedTests04Loadb16FromCacheUseCaseC0C035test_load_deliversNoImagesOnExpiredF0yyF10Foundation4DateVycfU_
FN:69,$s18EssentialFeedTests04Loadb16FromCacheUseCaseC0C035test_load_deliversNoImagesOnExpiredF0yyFyyXEfU0_
FN:74,$s18EssentialFeedTests04Loadb16FromCacheUseCaseC0C42test_load_hasNoSideEffectsOnRetrievalErroryyF
FN:80,$s18EssentialFeedTests04Loadb16FromCacheUseCaseC0C42test_load_hasNoSideEffectsOnRetrievalErroryyFSayAA0B8StoreSpyC15ReceivedMessageOGyKXEfu_
FN:80,$s18EssentialFeedTests04Loadb16FromCacheUseCaseC0C42test_load_hasNoSideEffectsOnRetrievalErroryyFSayAA0B8StoreSpyC15ReceivedMessageOGyKXEfu0_
FN:83,$s18EssentialFeedTests04Loadb16FromCacheUseCaseC0C033test_load_hasNoSideEffectsOnEmptyF0yyF
FN:89,$s18EssentialFeedTests04Loadb16FromCacheUseCaseC0C033test_load_hasNoSideEffectsOnEmptyF0yyFSayAA0B8StoreSpyC15ReceivedMessageOGyKXEfu_
FN:89,$s18EssentialFeedTests04Loadb16FromCacheUseCaseC0C033test_load_hasNoSideEffectsOnEmptyF0yyFSayAA0B8StoreSpyC15ReceivedMessageOGyKXEfu0_
FN:92,$s18EssentialFeedTests04Loadb16FromCacheUseCaseC0C038test_load_hasNoSideEffectsOnNonExpiredF0yyF
FN:96,$s18EssentialFeedTests04Loadb16FromCacheUseCaseC0C038test_load_hasNoSideEffectsOnNonExpiredF0yyF10Foundation4DateVycfU_
FN:101,$s18EssentialFeedTests04Loadb16FromCacheUseCaseC0C038test_load_hasNoSideEffectsOnNonExpiredF0yyFSayAA0B8StoreSpyC15ReceivedMessageOGyKXEfu_
FN:101,$s18EssentialFeedTests04Loadb16FromCacheUseCaseC0C038test_load_hasNoSideEffectsOnNonExpiredF0yyFSayAA0B8StoreSpyC15ReceivedMessageOGyKXEfu0_
FN:104,$s18EssentialFeedTests04Loadb16FromCacheUseCaseC0C028test_load_hasNoSideEffectsOnF10ExpirationyyF
FN:108,$s18EssentialFeedTests04Loadb16FromCacheUseCaseC0C028test_load_hasNoSideEffectsOnF10ExpirationyyF10Foundation4DateVycfU_
FN:113,$s18EssentialFeedTests04Loadb16FromCacheUseCaseC0C028test_load_hasNoSideEffectsOnF10ExpirationyyFSayAA0B8StoreSpyC15ReceivedMessageOGyKXEfu_
FN:113,$s18EssentialFeedTests04Loadb16FromCacheUseCaseC0C028test_load_hasNoSideEffectsOnF10ExpirationyyFSayAA0B8StoreSpyC15ReceivedMessageOGyKXEfu0_
FN:116,$s18EssentialFeedTests04Loadb16FromCacheUseCaseC0C035test_load_hasNoSideEffectsOnExpiredF0yyF
FN:120,$s18EssentialFeedTests04Loadb16FromCacheUseCaseC0C035test_load_hasNoSideEffectsOnExpiredF0yyF10Foundation4DateVycfU_
FN:125,$s18EssentialFeedTests04Loadb16FromCacheUseCaseC0C035test_load_hasNoSideEffectsOnExpiredF0yyFSayAA0B8StoreSpyC15ReceivedMessageOGyKXEfu_
FN:125,$s18EssentialFeedTests04Loadb16FromCacheUseCaseC0C035test_load_hasNoSideEffectsOnExpiredF0yyFSayAA0B8StoreSpyC15ReceivedMessageOGyKXEfu0_
FN:130,$s18EssentialFeedTests04Loadb16FromCacheUseCaseC0C7makeSUT33_39F4FD0872D18EB68D8D5C52E3B619A5LL11currentDate4file4line0aB005LocalB6LoaderC3sut_AA0B8StoreSpyC5storet10Foundation0V0Vyc_s12StaticStringVSutFfA_ARycfu_
FN:130,$s18EssentialFeedTests04Loadb16FromCacheUseCaseC0C7makeSUT33_39F4FD0872D18EB68D8D5C52E3B619A5LL11currentDate4file4line0aB005LocalB6LoaderC3sut_AA0B8StoreSpyC5storet10Foundation0V0Vyc_s12StaticStringVSutF
FN:138,$s18EssentialFeedTests04Loadb16FromCacheUseCaseC0C6expect33_39F4FD0872D18EB68D8D5C52E3B619A5LL_14toCompleteWith4when4file4liney0aB005LocalB6LoaderC_s6ResultOySayAJ0B5ImageVGs5Error_pGyyXEs12StaticStringVSutF
FN:141,$s18EssentialFeedTests04Loadb16FromCacheUseCaseC0C6expect33_39F4FD0872D18EB68D8D5C52E3B619A5LL_14toCompleteWith4when4file4liney0aB005LocalB6LoaderC_s6ResultOySayAJ0B5ImageVGs5Error_pGyyXEs12StaticStringVSutFAQyKXEfU_
FN:145,$s18EssentialFeedTests04Loadb16FromCacheUseCaseC0C6expect33_39F4FD0872D18EB68D8D5C52E3B619A5LL_14toCompleteWith4when4file4liney0aB005LocalB6LoaderC_s6ResultOySayAJ0B5ImageVGs5Error_pGyyXEs12StaticStringVSutFAQyKXEfu_
FN:145,$s18EssentialFeedTests04Loadb16FromCacheUseCaseC0C6expect33_39F4FD0872D18EB68D8D5C52E3B619A5LL_14toCompleteWith4when4file4liney0aB005LocalB6LoaderC_s6ResultOySayAJ0B5ImageVGs5Error_pGyyXEs12StaticStringVSutFAQyKXEfu0_
FN:148,$s18EssentialFeedTests04Loadb16FromCacheUseCaseC0C6expect33_39F4FD0872D18EB68D8D5C52E3B619A5LL_14toCompleteWith4when4file4liney0aB005LocalB6LoaderC_s6ResultOySayAJ0B5ImageVGs5Error_pGyyXEs12StaticStringVSutFSo7NSErrorCyKXEfu1_
FN:148,$s18EssentialFeedTests04Loadb16FromCacheUseCaseC0C6expect33_39F4FD0872D18EB68D8D5C52E3B619A5LL_14toCompleteWith4when4file4liney0aB005LocalB6LoaderC_s6ResultOySayAJ0B5ImageVGs5Error_pGyyXEs12StaticStringVSutFSo7NSErrorCyKXEfu2_
FNDA:1,$s18EssentialFeedTests04Loadb16FromCacheUseCaseC0C41test_init_doesNotMessageStoreUponCreationyyF
FNDA:1,$s18EssentialFeedTests04Loadb16FromCacheUseCaseC0C41test_init_doesNotMessageStoreUponCreationyyFSayAA0bN3SpyC08ReceivedM0OGyKXEfu_
FNDA:1,$s18EssentialFeedTests04Loadb16FromCacheUseCaseC0C41test_init_doesNotMessageStoreUponCreationyyFSayAA0bN3SpyC08ReceivedM0OGyKXEfu0_
FNDA:1,$s18EssentialFeedTests04Loadb16FromCacheUseCaseC0C018test_load_requestsF9RetrievalyyF
FNDA:1,$s18EssentialFeedTests04Loadb16FromCacheUseCaseC0C018test_load_requestsF9RetrievalyyFSayAA0B8StoreSpyC15ReceivedMessageOGyKXEfu_
FNDA:1,$s18EssentialFeedTests04Loadb16FromCacheUseCaseC0C018test_load_requestsF9RetrievalyyFSayAA0B8StoreSpyC15ReceivedMessageOGyKXEfu0_
FNDA:1,$s18EssentialFeedTests04Loadb16FromCacheUseCaseC0C31test_load_failsOnRetrievalErroryyF
FNDA:1,$s18EssentialFeedTests04Loadb16FromCacheUseCaseC0C31test_load_failsOnRetrievalErroryyFyyXEfU_
FNDA:1,$s18EssentialFeedTests04Loadb16FromCacheUseCaseC0C033test_load_deliversNoImagesOnEmptyF0yyF
FNDA:1,$s18EssentialFeedTests04Loadb16FromCacheUseCaseC0C033test_load_deliversNoImagesOnEmptyF0yyFyyXEfU_
FNDA:1,$s18EssentialFeedTests04Loadb16FromCacheUseCaseC0C042test_load_deliversCachedImagesOnNonExpiredF0yyF
FNDA:1,$s18EssentialFeedTests04Loadb16FromCacheUseCaseC0C042test_load_deliversCachedImagesOnNonExpiredF0yyF10Foundation4DateVycfU_
FNDA:1,$s18EssentialFeedTests04Loadb16FromCacheUseCaseC0C042test_load_deliversCachedImagesOnNonExpiredF0yyFyyXEfU0_
FNDA:1,$s18EssentialFeedTests04Loadb16FromCacheUseCaseC0C028test_load_deliversNoImagesOnF10ExpirationyyF
FNDA:1,$s18EssentialFeedTests04Loadb16FromCacheUseCaseC0C028test_load_deliversNoImagesOnF10ExpirationyyF10Foundation4DateVycfU_
FNDA:1,$s18EssentialFeedTests04Loadb16FromCacheUseCaseC0C028test_load_deliversNoImagesOnF10ExpirationyyFyyXEfU0_
FNDA:1,$s18EssentialFeedTests04Loadb16FromCacheUseCaseC0C035test_load_deliversNoImagesOnExpiredF0yyF
FNDA:1,$s18EssentialFeedTests04Loadb16FromCacheUseCaseC0C035test_load_deliversNoImagesOnExpiredF0yyF10Foundation4DateVycfU_
FNDA:1,$s18EssentialFeedTests04Loadb16FromCacheUseCaseC0C035test_load_deliversNoImagesOnExpiredF0yyFyyXEfU0_
FNDA:1,$s18EssentialFeedTests04Loadb16FromCacheUseCaseC0C42test_load_hasNoSideEffectsOnRetrievalErroryyF
FNDA:1,$s18EssentialFeedTests04Loadb16FromCacheUseCaseC0C42test_load_hasNoSideEffectsOnRetrievalErroryyFSayAA0B8StoreSpyC15ReceivedMessageOGyKXEfu_
FNDA:1,$s18EssentialFeedTests04Loadb16FromCacheUseCaseC0C42test_load_hasNoSideEffectsOnRetrievalErroryyFSayAA0B8StoreSpyC15ReceivedMessageOGyKXEfu0_
FNDA:1,$s18EssentialFeedTests04Loadb16FromCacheUseCaseC0C033test_load_hasNoSideEffectsOnEmptyF0yyF
FNDA:1,$s18EssentialFeedTests04Loadb16FromCacheUseCaseC0C033test_load_hasNoSideEffectsOnEmptyF0yyFSayAA0B8StoreSpyC15ReceivedMessageOGyKXEfu_
FNDA:1,$s18EssentialFeedTests04Loadb16FromCacheUseCaseC0C033test_load_hasNoSideEffectsOnEmptyF0yyFSayAA0B8StoreSpyC15ReceivedMessageOGyKXEfu0_
FNDA:1,$s18EssentialFeedTests04Loadb16FromCacheUseCaseC0C038test_load_hasNoSideEffectsOnNonExpiredF0yyF
FNDA:1,$s18EssentialFeedTests04Loadb16FromCacheUseCaseC0C038test_load_hasNoSideEffectsOnNonExpiredF0yyF10Foundation4DateVycfU_
FNDA:1,$s18EssentialFeedTests04Loadb16FromCacheUseCaseC0C038test_load_hasNoSideEffectsOnNonExpiredF0yyFSayAA0B8StoreSpyC15ReceivedMessageOGyKXEfu_
FNDA:1,$s18EssentialFeedTests04Loadb16FromCacheUseCaseC0C038test_load_hasNoSideEffectsOnNonExpiredF0yyFSayAA0B8StoreSpyC15ReceivedMessageOGyKXEfu0_
FNDA:1,$s18EssentialFeedTests04Loadb16FromCacheUseCaseC0C028test_load_hasNoSideEffectsOnF10ExpirationyyF
FNDA:1,$s18EssentialFeedTests04Loadb16FromCacheUseCaseC0C028test_load_hasNoSideEffectsOnF10ExpirationyyF10Foundation4DateVycfU_
FNDA:1,$s18EssentialFeedTests04Loadb16FromCacheUseCaseC0C028test_load_hasNoSideEffectsOnF10ExpirationyyFSayAA0B8StoreSpyC15ReceivedMessageOGyKXEfu_
FNDA:1,$s18EssentialFeedTests04Loadb16FromCacheUseCaseC0C028test_load_hasNoSideEffectsOnF10ExpirationyyFSayAA0B8StoreSpyC15ReceivedMessageOGyKXEfu0_
FNDA:1,$s18EssentialFeedTests04Loadb16FromCacheUseCaseC0C035test_load_hasNoSideEffectsOnExpiredF0yyF
FNDA:1,$s18EssentialFeedTests04Loadb16FromCacheUseCaseC0C035test_load_hasNoSideEffectsOnExpiredF0yyF10Foundation4DateVycfU_
FNDA:1,$s18EssentialFeedTests04Loadb16FromCacheUseCaseC0C035test_load_hasNoSideEffectsOnExpiredF0yyFSayAA0B8StoreSpyC15ReceivedMessageOGyKXEfu_
FNDA:1,$s18EssentialFeedTests04Loadb16FromCacheUseCaseC0C035test_load_hasNoSideEffectsOnExpiredF0yyFSayAA0B8StoreSpyC15ReceivedMessageOGyKXEfu0_
FNDA:0,$s18EssentialFeedTests04Loadb16FromCacheUseCaseC0C7makeSUT33_39F4FD0872D18EB68D8D5C52E3B619A5LL11currentDate4file4line0aB005LocalB6LoaderC3sut_AA0B8StoreSpyC5storet10Foundation0V0Vyc_s12StaticStringVSutFfA_ARycfu_
FNDA:12,$s18EssentialFeedTests04Loadb16FromCacheUseCaseC0C7makeSUT33_39F4FD0872D18EB68D8D5C52E3B619A5LL11currentDate4file4line0aB005LocalB6LoaderC3sut_AA0B8StoreSpyC5storet10Foundation0V0Vyc_s12StaticStringVSutF
FNDA:5,$s18EssentialFeedTests04Loadb16FromCacheUseCaseC0C6expect33_39F4FD0872D18EB68D8D5C52E3B619A5LL_14toCompleteWith4when4file4liney0aB005LocalB6LoaderC_s6ResultOySayAJ0B5ImageVGs5Error_pGyyXEs12StaticStringVSutF
FNDA:5,$s18EssentialFeedTests04Loadb16FromCacheUseCaseC0C6expect33_39F4FD0872D18EB68D8D5C52E3B619A5LL_14toCompleteWith4when4file4liney0aB005LocalB6LoaderC_s6ResultOySayAJ0B5ImageVGs5Error_pGyyXEs12StaticStringVSutFAQyKXEfU_
FNDA:4,$s18EssentialFeedTests04Loadb16FromCacheUseCaseC0C6expect33_39F4FD0872D18EB68D8D5C52E3B619A5LL_14toCompleteWith4when4file4liney0aB005LocalB6LoaderC_s6ResultOySayAJ0B5ImageVGs5Error_pGyyXEs12StaticStringVSutFAQyKXEfu_
FNDA:4,$s18EssentialFeedTests04Loadb16FromCacheUseCaseC0C6expect33_39F4FD0872D18EB68D8D5C52E3B619A5LL_14toCompleteWith4when4file4liney0aB005LocalB6LoaderC_s6ResultOySayAJ0B5ImageVGs5Error_pGyyXEs12StaticStringVSutFAQyKXEfu0_
FNDA:1,$s18EssentialFeedTests04Loadb16FromCacheUseCaseC0C6expect33_39F4FD0872D18EB68D8D5C52E3B619A5LL_14toCompleteWith4when4file4liney0aB005LocalB6LoaderC_s6ResultOySayAJ0B5ImageVGs5Error_pGyyXEs12StaticStringVSutFSo7NSErrorCyKXEfu1_
FNDA:1,$s18EssentialFeedTests04Loadb16FromCacheUseCaseC0C6expect33_39F4FD0872D18EB68D8D5C52E3B619A5LL_14toCompleteWith4when4file4liney0aB005LocalB6LoaderC_s6ResultOySayAJ0B5ImageVGs5Error_pGyyXEs12StaticStringVSutFSo7NSErrorCyKXEfu2_
FNF:45
FNH:44
DA:10,1
DA:11,1
DA:12,1
DA:13,1
DA:14,1
DA:16,1
DA:17,1
DA:18,1
DA:19,1
DA:20,1
DA:21,1
DA:22,1
DA:24,1
DA:25,1
DA:26,1
DA:27,1
DA:28,1
DA:29,1
DA:30,1
DA:31,1
DA:33,1
DA:34,1
DA:35,1
DA:36,1
DA:37,1
DA:38,1
DA:39,1
DA:41,1
DA:42,1
DA:43,1
DA:44,1
DA:45,1
DA:46,1
DA:47,1
DA:48,1
DA:49,1
DA:50,1
DA:52,1
DA:53,1
DA:54,1
DA:55,1
DA:56,1
DA:57,1
DA:58,1
DA:59,1
DA:60,1
DA:61,1
DA:63,1
DA:64,1
DA:65,1
DA:66,1
DA:67,1
DA:68,1
DA:69,1
DA:70,1
DA:71,1
DA:72,1
DA:74,1
DA:75,1
DA:76,1
DA:77,1
DA:78,1
DA:79,1
DA:80,1
DA:81,1
DA:83,1
DA:84,1
DA:85,1
DA:86,1
DA:87,1
DA:88,1
DA:89,1
DA:90,1
DA:92,1
DA:93,1
DA:94,1
DA:95,1
DA:96,1
DA:97,1
DA:98,1
DA:99,1
DA:100,1
DA:101,1
DA:102,1
DA:104,1
DA:105,1
DA:106,1
DA:107,1
DA:108,1
DA:109,1
DA:110,1
DA:111,1
DA:112,1
DA:113,1
DA:114,1
DA:116,1
DA:117,1
DA:118,1
DA:119,1
DA:120,1
DA:121,1
DA:122,1
DA:123,1
DA:124,1
DA:125,1
DA:126,1
DA:130,12
DA:131,12
DA:132,12
DA:133,12
DA:134,12
DA:135,12
DA:136,12
DA:138,5
DA:139,5
DA:140,5
DA:141,5
DA:142,5
DA:143,5
DA:144,5
DA:145,4
DA:146,5
DA:147,5
DA:148,1
DA:149,5
DA:150,5
DA:151,0
DA:152,5
DA:153,5
BRF:0
BRH:0
LF:170
LH:168
end_of_record
SF:/Users/juancarlosmerlosalbarracin/Developer/Essential_Developer/essential-feed-case-study/EssentialFeed/EssentialFeedTests/Feed Cache/LoadFeedImageDataFromCacheUseCaseTests.swift
FN:10,$s18EssentialFeedTests04Loadb25ImageDataFromCacheUseCaseC0C41test_init_doesNotMessageStoreUponCreationyyF
FN:13,$s18EssentialFeedTests04Loadb25ImageDataFromCacheUseCaseC0C41test_init_doesNotMessageStoreUponCreationyyFSbyKXEfu_
FN:16,$s18EssentialFeedTests04Loadb25ImageDataFromCacheUseCaseC0C09test_loadefg18URL_requestsStoredf3ForM0yyF
FN:22,$s18EssentialFeedTests04Loadb25ImageDataFromCacheUseCaseC0C09test_loadefg18URL_requestsStoredf3ForM0yyFSayAA0beF8StoreSpyC7MessageOGyKXEfu_
FN:22,$s18EssentialFeedTests04Loadb25ImageDataFromCacheUseCaseC0C09test_loadefg18URL_requestsStoredf3ForM0yyFSayAA0beF8StoreSpyC7MessageOGyKXEfu0_
FN:25,$s18EssentialFeedTests04Loadb25ImageDataFromCacheUseCaseC0C09test_loadefG21URL_failsOnStoreErroryyF
FN:28,$s18EssentialFeedTests04Loadb25ImageDataFromCacheUseCaseC0C09test_loadefG21URL_failsOnStoreErroryyFyyXEfU_
FN:34,$s18EssentialFeedTests04Loadb25ImageDataFromCacheUseCaseC0C09test_loadefg27URL_deliversNotFoundErrorOnoP0yyF
FN:37,$s18EssentialFeedTests04Loadb25ImageDataFromCacheUseCaseC0C09test_loadefg27URL_deliversNotFoundErrorOnoP0yyFyyXEfU_
FN:42,$s18EssentialFeedTests04Loadb25ImageDataFromCacheUseCaseC0C09test_loadefg18URL_deliversStoredf7OnFoundF0yyF
FN:46,$s18EssentialFeedTests04Loadb25ImageDataFromCacheUseCaseC0C09test_loadefg18URL_deliversStoredf7OnFoundF0yyFyyXEfU_
FN:53,$s18EssentialFeedTests04Loadb25ImageDataFromCacheUseCaseC0C7makeSUT33_D388B598AEEA7DB9E4562BB6453CA898LL11currentDate4file4line0aB005LocalbeF6LoaderC3sut_AA0beF8StoreSpyC5storet10Foundation0U0Vyc_s12StaticStringVSutFfA_ARycfu_
FN:53,$s18EssentialFeedTests04Loadb25ImageDataFromCacheUseCaseC0C7makeSUT33_D388B598AEEA7DB9E4562BB6453CA898LL11currentDate4file4line0aB005LocalbeF6LoaderC3sut_AA0beF8StoreSpyC5storet10Foundation0U0Vyc_s12StaticStringVSutF
FN:61,$s18EssentialFeedTests04Loadb25ImageDataFromCacheUseCaseC0C6failed33_D388B598AEEA7DB9E4562BB6453CA898LLs6ResultOy10Foundation0F0Vs5Error_pGyF
FN:65,$s18EssentialFeedTests04Loadb25ImageDataFromCacheUseCaseC0C8notFound33_D388B598AEEA7DB9E4562BB6453CA898LLs6ResultOy10Foundation0F0Vs5Error_pGyF
FN:69,$s18EssentialFeedTests04Loadb25ImageDataFromCacheUseCaseC0C6expect33_D388B598AEEA7DB9E4562BB6453CA898LL_14toCompleteWith4when4file4liney0aB005LocalbeF6LoaderC_s6ResultOy10Foundation0F0Vs5Error_pGyyXEs12StaticStringVSutF
FN:72,$s18EssentialFeedTests04Loadb25ImageDataFromCacheUseCaseC0C6expect33_D388B598AEEA7DB9E4562BB6453CA898LL_14toCompleteWith4when4file4liney0aB005LocalbeF6LoaderC_s6ResultOy10Foundation0F0Vs5Error_pGyyXEs12StaticStringVSutFAQyKXEfU_
FN:76,$s18EssentialFeedTests04Loadb25ImageDataFromCacheUseCaseC0C6expect33_D388B598AEEA7DB9E4562BB6453CA898LL_14toCompleteWith4when4file4liney0aB005LocalbeF6LoaderC_s6ResultOy10Foundation0F0Vs5Error_pGyyXEs12StaticStringVSutFAQyKXEfu_
FN:76,$s18EssentialFeedTests04Loadb25ImageDataFromCacheUseCaseC0C6expect33_D388B598AEEA7DB9E4562BB6453CA898LL_14toCompleteWith4when4file4liney0aB005LocalbeF6LoaderC_s6ResultOy10Foundation0F0Vs5Error_pGyyXEs12StaticStringVSutFAQyKXEfu0_
FN:80,$s18EssentialFeedTests04Loadb25ImageDataFromCacheUseCaseC0C6expect33_D388B598AEEA7DB9E4562BB6453CA898LL_14toCompleteWith4when4file4liney0aB005LocalbeF6LoaderC_s6ResultOy10Foundation0F0Vs5Error_pGyyXEs12StaticStringVSutFAL0D5ErrorOyKXEfu1_
FN:80,$s18EssentialFeedTests04Loadb25ImageDataFromCacheUseCaseC0C6expect33_D388B598AEEA7DB9E4562BB6453CA898LL_14toCompleteWith4when4file4liney0aB005LocalbeF6LoaderC_s6ResultOy10Foundation0F0Vs5Error_pGyyXEs12StaticStringVSutFAL0D5ErrorOyKXEfu2_
FNDA:1,$s18EssentialFeedTests04Loadb25ImageDataFromCacheUseCaseC0C41test_init_doesNotMessageStoreUponCreationyyF
FNDA:1,$s18EssentialFeedTests04Loadb25ImageDataFromCacheUseCaseC0C41test_init_doesNotMessageStoreUponCreationyyFSbyKXEfu_
FNDA:1,$s18EssentialFeedTests04Loadb25ImageDataFromCacheUseCaseC0C09test_loadefg18URL_requestsStoredf3ForM0yyF
FNDA:1,$s18EssentialFeedTests04Loadb25ImageDataFromCacheUseCaseC0C09test_loadefg18URL_requestsStoredf3ForM0yyFSayAA0beF8StoreSpyC7MessageOGyKXEfu_
FNDA:1,$s18EssentialFeedTests04Loadb25ImageDataFromCacheUseCaseC0C09test_loadefg18URL_requestsStoredf3ForM0yyFSayAA0beF8StoreSpyC7MessageOGyKXEfu0_
FNDA:1,$s18EssentialFeedTests04Loadb25ImageDataFromCacheUseCaseC0C09test_loadefG21URL_failsOnStoreErroryyF
FNDA:1,$s18EssentialFeedTests04Loadb25ImageDataFromCacheUseCaseC0C09test_loadefG21URL_failsOnStoreErroryyFyyXEfU_
FNDA:1,$s18EssentialFeedTests04Loadb25ImageDataFromCacheUseCaseC0C09test_loadefg27URL_deliversNotFoundErrorOnoP0yyF
FNDA:1,$s18EssentialFeedTests04Loadb25ImageDataFromCacheUseCaseC0C09test_loadefg27URL_deliversNotFoundErrorOnoP0yyFyyXEfU_
FNDA:1,$s18EssentialFeedTests04Loadb25ImageDataFromCacheUseCaseC0C09test_loadefg18URL_deliversStoredf7OnFoundF0yyF
FNDA:1,$s18EssentialFeedTests04Loadb25ImageDataFromCacheUseCaseC0C09test_loadefg18URL_deliversStoredf7OnFoundF0yyFyyXEfU_
FNDA:0,$s18EssentialFeedTests04Loadb25ImageDataFromCacheUseCaseC0C7makeSUT33_D388B598AEEA7DB9E4562BB6453CA898LL11currentDate4file4line0aB005LocalbeF6LoaderC3sut_AA0beF8StoreSpyC5storet10Foundation0U0Vyc_s12StaticStringVSutFfA_ARycfu_
FNDA:5,$s18EssentialFeedTests04Loadb25ImageDataFromCacheUseCaseC0C7makeSUT33_D388B598AEEA7DB9E4562BB6453CA898LL11currentDate4file4line0aB005LocalbeF6LoaderC3sut_AA0beF8StoreSpyC5storet10Foundation0U0Vyc_s12StaticStringVSutF
FNDA:1,$s18EssentialFeedTests04Loadb25ImageDataFromCacheUseCaseC0C6failed33_D388B598AEEA7DB9E4562BB6453CA898LLs6ResultOy10Foundation0F0Vs5Error_pGyF
FNDA:1,$s18EssentialFeedTests04Loadb25ImageDataFromCacheUseCaseC0C8notFound33_D388B598AEEA7DB9E4562BB6453CA898LLs6ResultOy10Foundation0F0Vs5Error_pGyF
FNDA:3,$s18EssentialFeedTests04Loadb25ImageDataFromCacheUseCaseC0C6expect33_D388B598AEEA7DB9E4562BB6453CA898LL_14toCompleteWith4when4file4liney0aB005LocalbeF6LoaderC_s6ResultOy10Foundation0F0Vs5Error_pGyyXEs12StaticStringVSutF
FNDA:3,$s18EssentialFeedTests04Loadb25ImageDataFromCacheUseCaseC0C6expect33_D388B598AEEA7DB9E4562BB6453CA898LL_14toCompleteWith4when4file4liney0aB005LocalbeF6LoaderC_s6ResultOy10Foundation0F0Vs5Error_pGyyXEs12StaticStringVSutFAQyKXEfU_
FNDA:1,$s18EssentialFeedTests04Loadb25ImageDataFromCacheUseCaseC0C6expect33_D388B598AEEA7DB9E4562BB6453CA898LL_14toCompleteWith4when4file4liney0aB005LocalbeF6LoaderC_s6ResultOy10Foundation0F0Vs5Error_pGyyXEs12StaticStringVSutFAQyKXEfu_
FNDA:1,$s18EssentialFeedTests04Loadb25ImageDataFromCacheUseCaseC0C6expect33_D388B598AEEA7DB9E4562BB6453CA898LL_14toCompleteWith4when4file4liney0aB005LocalbeF6LoaderC_s6ResultOy10Foundation0F0Vs5Error_pGyyXEs12StaticStringVSutFAQyKXEfu0_
FNDA:2,$s18EssentialFeedTests04Loadb25ImageDataFromCacheUseCaseC0C6expect33_D388B598AEEA7DB9E4562BB6453CA898LL_14toCompleteWith4when4file4liney0aB005LocalbeF6LoaderC_s6ResultOy10Foundation0F0Vs5Error_pGyyXEs12StaticStringVSutFAL0D5ErrorOyKXEfu1_
FNDA:2,$s18EssentialFeedTests04Loadb25ImageDataFromCacheUseCaseC0C6expect33_D388B598AEEA7DB9E4562BB6453CA898LL_14toCompleteWith4when4file4liney0aB005LocalbeF6LoaderC_s6ResultOy10Foundation0F0Vs5Error_pGyyXEs12StaticStringVSutFAL0D5ErrorOyKXEfu2_
FNF:21
FNH:20
DA:10,1
DA:11,1
DA:12,1
DA:13,1
DA:14,1
DA:16,1
DA:17,1
DA:18,1
DA:19,1
DA:20,1
DA:21,1
DA:22,1
DA:23,1
DA:25,1
DA:26,1
DA:27,1
DA:28,1
DA:29,1
DA:30,1
DA:31,1
DA:32,1
DA:34,1
DA:35,1
DA:36,1
DA:37,1
DA:38,1
DA:39,1
DA:40,1
DA:42,1
DA:43,1
DA:44,1
DA:45,1
DA:46,1
DA:47,1
DA:48,1
DA:49,1
DA:53,5
DA:54,5
DA:55,5
DA:56,5
DA:57,5
DA:58,5
DA:59,5
DA:61,1
DA:62,1
DA:63,1
DA:65,1
DA:66,1
DA:67,1
DA:69,3
DA:70,3
DA:71,3
DA:72,3
DA:73,3
DA:74,3
DA:75,3
DA:76,1
DA:77,3
DA:78,3
DA:79,2
DA:80,2
DA:81,3
DA:82,3
DA:83,0
DA:84,3
DA:85,3
BRF:0
BRH:0
LF:85
LH:83
end_of_record
SF:/Users/juancarlosmerlosalbarracin/Developer/Essential_Developer/essential-feed-case-study/EssentialFeed/EssentialFeedTests/Feed Cache/ValidateFeedCacheUseCaseTests.swift
FN:10,$s18EssentialFeedTests08Validateb12CacheUseCaseC0C41test_init_doesNotMessageStoreUponCreationyyF
FN:13,$s18EssentialFeedTests08Validateb12CacheUseCaseC0C41test_init_doesNotMessageStoreUponCreationyyFSayAA0bM3SpyC08ReceivedL0OGyKXEfu_
FN:13,$s18EssentialFeedTests08Validateb12CacheUseCaseC0C41test_init_doesNotMessageStoreUponCreationyyFSayAA0bM3SpyC08ReceivedL0OGyKXEfu0_
FN:16,$s18EssentialFeedTests08Validateb12CacheUseCaseC0C013test_validatee8_deletesE16OnRetrievalErroryyF
FN:22,$s18EssentialFeedTests08Validateb12CacheUseCaseC0C013test_validatee8_deletesE16OnRetrievalErroryyFSayAA0B8StoreSpyC15ReceivedMessageOGyKXEfu_
FN:22,$s18EssentialFeedTests08Validateb12CacheUseCaseC0C013test_validatee8_deletesE16OnRetrievalErroryyFSayAA0B8StoreSpyC15ReceivedMessageOGyKXEfu0_
FN:25,$s18EssentialFeedTests08Validateb12CacheUseCaseC0C013test_validatee14_doesNotDeletee7OnEmptyE0yyF
FN:31,$s18EssentialFeedTests08Validateb12CacheUseCaseC0C013test_validatee14_doesNotDeletee7OnEmptyE0yyFSayAA0B8StoreSpyC15ReceivedMessageOGyKXEfu_
[...]
FN:150,$s18EssentialFeedTests020URLSessionHTTPClientC0C9resultFor33_C130B39041DD5D63D77A3EFBA0A5BAE9LL_11taskHandler4file4lines6ResultOy10Foundation4DataV_So17NSHTTPURLResponseCts5Error_pGAMSg4data_So13NSURLResponseCSg8responsesAP_pSg5errortSg_y0aB00E4Task_pXEs12StaticStringVSutFfA0_yA_A0__pcfU_
FN:152,$s18EssentialFeedTests020URLSessionHTTPClientC0C9resultFor33_C130B39041DD5D63D77A3EFBA0A5BAE9LL_11taskHandler4file4lines6ResultOy10Foundation4DataV_So17NSHTTPURLResponseCts5Error_pGAMSg4data_So13NSURLResponseCSg8responsesAP_pSg5errortSg_y0aB00E4Task_pXEs12StaticStringVSutF
FN:153,$s18EssentialFeedTests020URLSessionHTTPClientC0C9resultFor33_C130B39041DD5D63D77A3EFBA0A5BAE9LL_11taskHandler4file4lines6ResultOy10Foundation4DataV_So17NSHTTPURLResponseCts5Error_pGAMSg4data_So13NSURLResponseCSg8responsesAP_pSg5errortSg_y0aB00E4Task_pXEs12StaticStringVSutFyAR_AvXtXEfU_
FN:160,$s18EssentialFeedTests020URLSessionHTTPClientC0C9resultFor33_C130B39041DD5D63D77A3EFBA0A5BAE9LL_11taskHandler4file4lines6ResultOy10Foundation4DataV_So17NSHTTPURLResponseCts5Error_pGAMSg4data_So13NSURLResponseCSg8responsesAP_pSg5errortSg_y0aB00E4Task_pXEs12StaticStringVSutFyAQcfU0_
FN:169,$s18EssentialFeedTests020URLSessionHTTPClientC0C18anyHTTPURLResponse33_C130B39041DD5D63D77A3EFBA0A5BAE9LLSo17NSHTTPURLResponseCyF
FN:173,$s18EssentialFeedTests020URLSessionHTTPClientC0C18nonHTTPURLResponse33_C130B39041DD5D63D77A3EFBA0A5BAE9LLSo13NSURLResponseCyF
FNDA:0,$s18EssentialFeedTests020URLSessionHTTPClientC0C0E5Dummy33_C130B39041DD5D63D77A3EFBA0A5BAE9LLC3get4from10completion0aB00E4Task_p10Foundation3URLV_ys6ResultOyAL4DataV_So17NSHTTPURLResponseCts5Error_pGctF
FNDA:0,$s18EssentialFeedTests020URLSessionHTTPClientC0C0E5Dummy33_C130B39041DD5D63D77A3EFBA0A5BAE9LLC3get4from10completion0aB00E4Task_p10Foundation3URLV_ys6ResultOyAL4DataV_So17NSHTTPURLResponseCts5Error_pGctFSSyXEfu_
FNDA:0,$s18EssentialFeedTests020URLSessionHTTPClientC0C0E5Dummy33_C130B39041DD5D63D77A3EFBA0A5BAE9LLC4post2to4body10completion0aB00E4Task_p10Foundation3URLV_SDyS2SGys6ResultOyAM4DataV_So17NSHTTPURLResponseCts5Error_pGctF
FNDA:0,$s18EssentialFeedTests020URLSessionHTTPClientC0C0E5Dummy33_C130B39041DD5D63D77A3EFBA0A5BAE9LLC4post2to4body10completion0aB00E4Task_p10Foundation3URLV_SDyS2SGys6ResultOyAM4DataV_So17NSHTTPURLResponseCts5Error_pGctFSSyXEfu_
FNDA:6,$s18EssentialFeedTests020URLSessionHTTPClientC0C8tearDownyyF
FNDA:1,$s18EssentialFeedTests020URLSessionHTTPClientC0C038test_getFromURL_performsGETRequestWithI0yyF
FNDA:1,$s18EssentialFeedTests020URLSessionHTTPClientC0C038test_getFromURL_performsGETRequestWithI0yyFy10Foundation10URLRequestVcfU_
FNDA:1,$s18EssentialFeedTests020URLSessionHTTPClientC0C038test_getFromURL_performsGETRequestWithI0yyFy10Foundation10URLRequestVcfU_AE0I0VSgyKXEfu_
FNDA:1,$s18EssentialFeedTests020URLSessionHTTPClientC0C038test_getFromURL_performsGETRequestWithI0yyFy10Foundation10URLRequestVcfU_AE0I0VSgyKXEfu0_
FNDA:1,$s18EssentialFeedTests020URLSessionHTTPClientC0C038test_getFromURL_performsGETRequestWithI0yyFy10Foundation10URLRequestVcfU_SSSgyKXEfu1_
FNDA:1,$s18EssentialFeedTests020URLSessionHTTPClientC0C038test_getFromURL_performsGETRequestWithI0yyFy10Foundation10URLRequestVcfU_SSSgyKXEfu2_
FNDA:1,$s18EssentialFeedTests020URLSessionHTTPClientC0C038test_getFromURL_performsGETRequestWithI0yyFys6ResultOy10Foundation4DataV_So17NSHTTPURLResponseCts5Error_pGcfU0_
FNDA:1,$s18EssentialFeedTests020URLSessionHTTPClientC0C43test_cancelGetFromURLTask_cancelsURLRequestyyF
FNDA:1,$s18EssentialFeedTests020URLSessionHTTPClientC0C43test_cancelGetFromURLTask_cancelsURLRequestyyFy0aB00E4Task_pXEfU_
FNDA:1,$s18EssentialFeedTests020URLSessionHTTPClientC0C43test_cancelGetFromURLTask_cancelsURLRequestyyFSiSgyKXEfu_
FNDA:1,$s18EssentialFeedTests020URLSessionHTTPClientC0C43test_cancelGetFromURLTask_cancelsURLRequestyyFSiSgyKXEfu0_
FNDA:1,$s18EssentialFeedTests020URLSessionHTTPClientC0C35test_getFromURL_failsOnRequestErroryyF
FNDA:1,$s18EssentialFeedTests020URLSessionHTTPClientC0C35test_getFromURL_failsOnRequestErroryyFypSgyKXEfu_
FNDA:1,$s18EssentialFeedTests020URLSessionHTTPClientC0C52test_getFromURL_failsOnAllInvalidRepresentationCasesyyF
FNDA:1,$s18EssentialFeedTests020URLSessionHTTPClientC0C52test_getFromURL_failsOnAllInvalidRepresentationCasesyyFypSgyKXEfu_
FNDA:1,$s18EssentialFeedTests020URLSessionHTTPClientC0C52test_getFromURL_failsOnAllInvalidRepresentationCasesyyFypSgyKXEfu0_
FNDA:1,$s18EssentialFeedTests020URLSessionHTTPClientC0C52test_getFromURL_failsOnAllInvalidRepresentationCasesyyFypSgyKXEfu1_
FNDA:1,$s18EssentialFeedTests020URLSessionHTTPClientC0C52test_getFromURL_failsOnAllInvalidRepresentationCasesyyFypSgyKXEfu2_
FNDA:1,$s18EssentialFeedTests020URLSessionHTTPClientC0C52test_getFromURL_failsOnAllInvalidRepresentationCasesyyFypSgyKXEfu3_
FNDA:1,$s18EssentialFeedTests020URLSessionHTTPClientC0C52test_getFromURL_failsOnAllInvalidRepresentationCasesyyFypSgyKXEfu4_
FNDA:1,$s18EssentialFeedTests020URLSessionHTTPClientC0C52test_getFromURL_failsOnAllInvalidRepresentationCasesyyFypSgyKXEfu5_
FNDA:1,$s18EssentialFeedTests020URLSessionHTTPClientC0C52test_getFromURL_failsOnAllInvalidRepresentationCasesyyFypSgyKXEfu6_
FNDA:1,$s18EssentialFeedTests020URLSessionHTTPClientC0C52test_getFromURL_failsOnAllInvalidRepresentationCasesyyFypSgyKXEfu7_
FNDA:1,$s18EssentialFeedTests020URLSessionHTTPClientC0C49test_getFromURL_succeedsOnHTTPURLResponseWithDatayyF
FNDA:1,$s18EssentialFeedTests020URLSessionHTTPClientC0C49test_getFromURL_succeedsOnHTTPURLResponseWithDatayyF10Foundation0N0VSgyKXEfu_
FNDA:1,$s18EssentialFeedTests020URLSessionHTTPClientC0C49test_getFromURL_succeedsOnHTTPURLResponseWithDatayyF10Foundation0N0VSgyKXEfu0_
FNDA:1,$s18EssentialFeedTests020URLSessionHTTPClientC0C49test_getFromURL_succeedsOnHTTPURLResponseWithDatayyF10Foundation0I0VSgyKXEfu1_
FNDA:1,$s18EssentialFeedTests020URLSessionHTTPClientC0C49test_getFromURL_succeedsOnHTTPURLResponseWithDatayyF10Foundation0I0VSgyKXEfu2_
FNDA:1,$s18EssentialFeedTests020URLSessionHTTPClientC0C49test_getFromURL_succeedsOnHTTPURLResponseWithDatayyFSiSgyKXEfu3_
FNDA:1,$s18EssentialFeedTests020URLSessionHTTPClientC0C49test_getFromURL_succeedsOnHTTPURLResponseWithDatayyFSiSgyKXEfu4_
FNDA:1,$s18EssentialFeedTests020URLSessionHTTPClientC0C054test_getFromURL_succeedsWithEmptyDataOnHTTPURLResponsek3NilM0yyF
FNDA:1,$s18EssentialFeedTests020URLSessionHTTPClientC0C054test_getFromURL_succeedsWithEmptyDataOnHTTPURLResponsek3NilM0yyF10Foundation0M0VSgyKXEfu_
FNDA:1,$s18EssentialFeedTests020URLSessionHTTPClientC0C054test_getFromURL_succeedsWithEmptyDataOnHTTPURLResponsek3NilM0yyF10Foundation0M0VSgyKXEfu0_
FNDA:1,$s18EssentialFeedTests020URLSessionHTTPClientC0C054test_getFromURL_succeedsWithEmptyDataOnHTTPURLResponsek3NilM0yyF10Foundation0I0VSgyKXEfu1_
FNDA:1,$s18EssentialFeedTests020URLSessionHTTPClientC0C054test_getFromURL_succeedsWithEmptyDataOnHTTPURLResponsek3NilM0yyF10Foundation0I0VSgyKXEfu2_
FNDA:1,$s18EssentialFeedTests020URLSessionHTTPClientC0C054test_getFromURL_succeedsWithEmptyDataOnHTTPURLResponsek3NilM0yyFSiSgyKXEfu3_
FNDA:1,$s18EssentialFeedTests020URLSessionHTTPClientC0C054test_getFromURL_succeedsWithEmptyDataOnHTTPURLResponsek3NilM0yyFSiSgyKXEfu4_
FNDA:14,$s18EssentialFeedTests020URLSessionHTTPClientC0C7makeSUT33_C130B39041DD5D63D77A3EFBA0A5BAE9LL7session4file4line0aB00E0_pSo12NSURLSessionCSg_s12StaticStringVSutF
FNDA:14,$s18EssentialFeedTests020URLSessionHTTPClientC0C7makeSUT33_C130B39041DD5D63D77A3EFBA0A5BAE9LL7session4file4line0aB00E0_pSo12NSURLSessionCSg_s12StaticStringVSutFALyKXEfu_
FNDA:0,$s18EssentialFeedTests020URLSessionHTTPClientC0C6result33_C130B39041DD5D63D77A3EFBA0A5BAE9LL_5errors6ResultOy10Foundation4DataV_So17NSHTTPURLResponseCts5Error_pGAK_AMtSg_sAN_pSgtF
FNDA:2,$s18EssentialFeedTests020URLSessionHTTPClientC0C15resultValuesFor33_C130B39041DD5D63D77A3EFBA0A5BAE9LL_4file4line10Foundation4DataV4data_So17NSHTTPURLResponseC8responsetSgAJSgAK_So13NSURLResponseCSgANs5Error_pSg5errort_s12StaticStringVSutF
FNDA:10,$s18EssentialFeedTests020URLSessionHTTPClientC0C14resultErrorFor33_C130B39041DD5D63D77A3EFBA0A5BAE9LL_11taskHandler4file4lines0G0_pSg10Foundation4DataVSg4data_So13NSURLResponseCSg8responseAJ5errortSg_y0aB00E4Task_pXEs12StaticStringVSutFfA0_yAvW_pcfU_
FNDA:11,$s18EssentialFeedTests020URLSessionHTTPClientC0C14resultErrorFor33_C130B39041DD5D63D77A3EFBA0A5BAE9LL_11taskHandler4file4lines0G0_pSg10Foundation4DataVSg4data_So13NSURLResponseCSg8responseAJ5errortSg_y0aB00E4Task_pXEs12StaticStringVSutF
FNDA:2,$s18EssentialFeedTests020URLSessionHTTPClientC0C9resultFor33_C130B39041DD5D63D77A3EFBA0A5BAE9LL_11taskHandler4file4lines6ResultOy10Foundation4DataV_So17NSHTTPURLResponseCts5Error_pGAMSg4data_So13NSURLResponseCSg8responsesAP_pSg5errortSg_y0aB00E4Task_pXEs12StaticStringVSutFfA0_yA_A0__pcfU_
FNDA:13,$s18EssentialFeedTests020URLSessionHTTPClientC0C9resultFor33_C130B39041DD5D63D77A3EFBA0A5BAE9LL_11taskHandler4file4lines6ResultOy10Foundation4DataV_So17NSHTTPURLResponseCts5Error_pGAMSg4data_So13NSURLResponseCSg8responsesAP_pSg5errortSg_y0aB00E4Task_pXEs12StaticStringVSutF
FNDA:12,$s18EssentialFeedTests020URLSessionHTTPClientC0C9resultFor33_C130B39041DD5D63D77A3EFBA0A5BAE9LL_11taskHandler4file4lines6ResultOy10Foundation4DataV_So17NSHTTPURLResponseCts5Error_pGAMSg4data_So13NSURLResponseCSg8responsesAP_pSg5errortSg_y0aB00E4Task_pXEs12StaticStringVSutFyAR_AvXtXEfU_
FNDA:13,$s18EssentialFeedTests020URLSessionHTTPClientC0C9resultFor33_C130B39041DD5D63D77A3EFBA0A5BAE9LL_11taskHandler4file4lines6ResultOy10Foundation4DataV_So17NSHTTPURLResponseCts5Error_pGAMSg4data_So13NSURLResponseCSg8responsesAP_pSg5errortSg_y0aB00E4Task_pXEs12StaticStringVSutFyAQcfU0_
FNDA:4,$s18EssentialFeedTests020URLSessionHTTPClientC0C18anyHTTPURLResponse33_C130B39041DD5D63D77A3EFBA0A5BAE9LLSo17NSHTTPURLResponseCyF
FNDA:4,$s18EssentialFeedTests020URLSessionHTTPClientC0C18nonHTTPURLResponse33_C130B39041DD5D63D77A3EFBA0A5BAE9LLSo13NSURLResponseCyF
FNF:54
FNH:49
DA:11,0
DA:12,0
DA:13,0
DA:16,0
DA:17,0
DA:18,0
DA:21,6
DA:22,6
DA:23,6
DA:24,6
DA:25,6
DA:27,1
DA:28,1
DA:29,1
DA:30,1
DA:31,1
DA:32,1
DA:33,1
DA:34,1
DA:35,1
DA:36,1
DA:37,1
DA:38,1
DA:39,1
DA:40,1
DA:42,1
DA:43,1
DA:44,1
DA:45,1
DA:46,1
DA:48,1
DA:49,1
DA:50,1
DA:51,1
DA:52,1
DA:53,1
DA:54,1
DA:56,1
DA:57,1
DA:58,1
DA:59,1
DA:60,1
DA:61,1
DA:62,1
DA:63,1
DA:64,1
DA:65,1
DA:66,1
DA:68,1
DA:69,1
DA:70,1
DA:71,1
DA:72,1
DA:73,1
DA:74,1
DA:75,1
DA:76,1
DA:77,1
DA:79,1
DA:80,1
DA:81,1
DA:82,1
DA:83,1
DA:84,1
DA:85,1
DA:86,1
DA:87,1
DA:88,1
DA:96,14
DA:97,14
DA:98,14
DA:99,14
DA:100,14
DA:101,14
DA:102,14
DA:103,14
DA:107,0
DA:108,0
DA:109,0
DA:110,0
DA:111,0
DA:112,0
DA:113,0
DA:114,0
DA:115,0
DA:116,0
DA:121,2
DA:122,2
DA:123,2
DA:124,2
DA:125,2
DA:126,2
DA:127,0
DA:128,0
DA:129,2
DA:130,2
DA:134,10
DA:136,11
DA:137,11
DA:138,11
DA:139,11
DA:140,11
DA:141,11
DA:142,11
DA:143,0
DA:144,0
DA:145,11
DA:146,11
DA:150,2
DA:152,13
DA:153,13
DA:154,13
DA:155,13
DA:156,13
DA:157,13
DA:158,13
DA:159,13
DA:160,13
DA:161,13
DA:162,13
DA:163,13
DA:164,13
DA:165,13
DA:166,13
DA:167,13
DA:169,4
DA:170,4
DA:171,4
DA:173,4
DA:174,4
DA:175,4
DA:176,4
BRF:0
BRH:0
LF:175
LH:153
end_of_record
SF:/Users/juancarlosmerlosalbarracin/Developer/Essential_Developer/essential-feed-case-study/EssentialFeed/EssentialFeedTests/Shared Presentation/LoadResourcePresenterTests.swift
FN:10,$s18EssentialFeedTests021LoadResourcePresenterC0C35test_init_doesNotSendMessagesToViewyyF
FN:13,$s18EssentialFeedTests021LoadResourcePresenterC0C35test_init_doesNotSendMessagesToViewyyFSbyKXEfu_
FN:13,$s18EssentialFeedTests021LoadResourcePresenterC0C35test_init_doesNotSendMessagesToViewyyFSSyXEfu0_
FN:16,$s18EssentialFeedTests021LoadResourcePresenterC0C052test_didStartLoading_displaysNoErrorMessageAndStartsJ0yyF
FN:21,$s18EssentialFeedTests021LoadResourcePresenterC0C052test_didStartLoading_displaysNoErrorMessageAndStartsJ0yyFShyAC7ViewSpy33_9FE7A6F7AAE8224A7EF2519D9ECB2DC2LLC0N0OGyKXEfu_
FN:21,$s18EssentialFeedTests021LoadResourcePresenterC0C052test_didStartLoading_displaysNoErrorMessageAndStartsJ0yyFShyAC7ViewSpy33_9FE7A6F7AAE8224A7EF2519D9ECB2DC2LLC0N0OGyKXEfu0_
FN:27,$s18EssentialFeedTests021LoadResourcePresenterC0C021test_didFinishLoadinge9_displayse8AndStopsJ0yyF
FN:28,$s18EssentialFeedTests021LoadResourcePresenterC0C021test_didFinishLoadinge9_displayse8AndStopsJ0yyFS2ScfU_
FN:34,$s18EssentialFeedTests021LoadResourcePresenterC0C021test_didFinishLoadinge9_displayse8AndStopsJ0yyFShyAC7ViewSpy33_9FE7A6F7AAE8224A7EF2519D9ECB2DC2LLC7MessageOGyKXEfu_
FN:34,$s18EssentialFeedTests021LoadResourcePresenterC0C021test_didFinishLoadinge9_displayse8AndStopsJ0yyFShyAC7ViewSpy33_9FE7A6F7AAE8224A7EF2519D9ECB2DC2LLC7MessageOGyKXEfu0_
FN:40,$s18EssentialFeedTests021LoadResourcePresenterC0C054test_didFinishLoadingWithMapperError_displaysLocalizedm15MessageAndStopsJ0yyF
FN:41,$s18EssentialFeedTests021LoadResourcePresenterC0C054test_didFinishLoadingWithMapperError_displaysLocalizedm15MessageAndStopsJ0yyFS2SKcfU_
FN:47,$s18EssentialFeedTests021LoadResourcePresenterC0C054test_didFinishLoadingWithMapperError_displaysLocalizedm15MessageAndStopsJ0yyFShyAC7ViewSpy33_9FE7A6F7AAE8224A7EF2519D9ECB2DC2LLC0P0OGyKXEfu_
FN:47,$s18EssentialFeedTests021LoadResourcePresenterC0C054test_didFinishLoadingWithMapperError_displaysLocalizedm15MessageAndStopsJ0yyFShyAC7ViewSpy33_9FE7A6F7AAE8224A7EF2519D9ECB2DC2LLC0P0OGyKXEfu0_
FN:53,$s18EssentialFeedTests021LoadResourcePresenterC0C048test_didFinishLoadingWithError_displaysLocalizedl15MessageAndStopsJ0yyF
FN:58,$s18EssentialFeedTests021LoadResourcePresenterC0C048test_didFinishLoadingWithError_displaysLocalizedl15MessageAndStopsJ0yyFShyAC7ViewSpy33_9FE7A6F7AAE8224A7EF2519D9ECB2DC2LLC0O0OGyKXEfu_
FN:58,$s18EssentialFeedTests021LoadResourcePresenterC0C048test_didFinishLoadingWithError_displaysLocalizedl15MessageAndStopsJ0yyFShyAC7ViewSpy33_9FE7A6F7AAE8224A7EF2519D9ECB2DC2LLC0O0OGyKXEfu0_
FN:69,$s18EssentialFeedTests021LoadResourcePresenterC0C7makeSUT33_9FE7A6F7AAE8224A7EF2519D9ECB2DC2LL6mapper4file4line0aB00deF0CySSAC7ViewSpyAELLCG3sut_AM4viewtS2SKc_s12StaticStringVSutFfA_S2ScfU_
FN:72,$s18EssentialFeedTests021LoadResourcePresenterC0C7makeSUT33_9FE7A6F7AAE8224A7EF2519D9ECB2DC2LL6mapper4file4line0aB00deF0CySSAC7ViewSpyAELLCG3sut_AM4viewtS2SKc_s12StaticStringVSutF
FN:80,$s18EssentialFeedTests021LoadResourcePresenterC0C9localized33_9FE7A6F7AAE8224A7EF2519D9ECB2DC2LL_4file4lineS2S_s12StaticStringVSutF
FN:99,$s18EssentialFeedTests021LoadResourcePresenterC0C7ViewSpy33_9FE7A6F7AAE8224A7EF2519D9ECB2DC2LLC8messagesShyAF7MessageOGvpfi
FN:101,$s18EssentialFeedTests021LoadResourcePresenterC0C7ViewSpy33_9FE7A6F7AAE8224A7EF2519D9ECB2DC2LLC7displayyy0aB00e5ErrorG5ModelVF
FN:105,$s18EssentialFeedTests021LoadResourcePresenterC0C7ViewSpy33_9FE7A6F7AAE8224A7EF2519D9ECB2DC2LLC7displayyy0aB00e7LoadingG5ModelVF
FN:109,$s18EssentialFeedTests021LoadResourcePresenterC0C7ViewSpy33_9FE7A6F7AAE8224A7EF2519D9ECB2DC2LLC7displayyySSF
FNDA:1,$s18EssentialFeedTests021LoadResourcePresenterC0C35test_init_doesNotSendMessagesToViewyyF
FNDA:1,$s18EssentialFeedTests021LoadResourcePresenterC0C35test_init_doesNotSendMessagesToViewyyFSbyKXEfu_
FNDA:0,$s18EssentialFeedTests021LoadResourcePresenterC0C35test_init_doesNotSendMessagesToViewyyFSSyXEfu0_
FNDA:1,$s18EssentialFeedTests021LoadResourcePresenterC0C052test_didStartLoading_displaysNoErrorMessageAndStartsJ0yyF
FNDA:1,$s18EssentialFeedTests021LoadResourcePresenterC0C052test_didStartLoading_displaysNoErrorMessageAndStartsJ0yyFShyAC7ViewSpy33_9FE7A6F7AAE8224A7EF2519D9ECB2DC2LLC0N0OGyKXEfu_
FNDA:1,$s18EssentialFeedTests021LoadResourcePresenterC0C052test_didStartLoading_displaysNoErrorMessageAndStartsJ0yyFShyAC7ViewSpy33_9FE7A6F7AAE8224A7EF2519D9ECB2DC2LLC0N0OGyKXEfu0_
FNDA:1,$s18EssentialFeedTests021LoadResourcePresenterC0C021test_didFinishLoadinge9_displayse8AndStopsJ0yyF
FNDA:1,$s18EssentialFeedTests021LoadResourcePresenterC0C021test_didFinishLoadinge9_displayse8AndStopsJ0yyFS2ScfU_
FNDA:1,$s18EssentialFeedTests021LoadResourcePresenterC0C021test_didFinishLoadinge9_displayse8AndStopsJ0yyFShyAC7ViewSpy33_9FE7A6F7AAE8224A7EF2519D9ECB2DC2LLC7MessageOGyKXEfu_
FNDA:1,$s18EssentialFeedTests021LoadResourcePresenterC0C021test_didFinishLoadinge9_displayse8AndStopsJ0yyFShyAC7ViewSpy33_9FE7A6F7AAE8224A7EF2519D9ECB2DC2LLC7MessageOGyKXEfu0_
FNDA:1,$s18EssentialFeedTests021LoadResourcePresenterC0C054test_didFinishLoadingWithMapperError_displaysLocalizedm15MessageAndStopsJ0yyF
FNDA:1,$s18EssentialFeedTests021LoadResourcePresenterC0C054test_didFinishLoadingWithMapperError_displaysLocalizedm15MessageAndStopsJ0yyFS2SKcfU_
FNDA:1,$s18EssentialFeedTests021LoadResourcePresenterC0C054test_didFinishLoadingWithMapperError_displaysLocalizedm15MessageAndStopsJ0yyFShyAC7ViewSpy33_9FE7A6F7AAE8224A7EF2519D9ECB2DC2LLC0P0OGyKXEfu_
FNDA:1,$s18EssentialFeedTests021LoadResourcePresenterC0C054test_didFinishLoadingWithMapperError_displaysLocalizedm15MessageAndStopsJ0yyFShyAC7ViewSpy33_9FE7A6F7AAE8224A7EF2519D9ECB2DC2LLC0P0OGyKXEfu0_
FNDA:1,$s18EssentialFeedTests021LoadResourcePresenterC0C048test_didFinishLoadingWithError_displaysLocalizedl15MessageAndStopsJ0yyF
FNDA:1,$s18EssentialFeedTests021LoadResourcePresenterC0C048test_didFinishLoadingWithError_displaysLocalizedl15MessageAndStopsJ0yyFShyAC7ViewSpy33_9FE7A6F7AAE8224A7EF2519D9ECB2DC2LLC0O0OGyKXEfu_
FNDA:1,$s18EssentialFeedTests021LoadResourcePresenterC0C048test_didFinishLoadingWithError_displaysLocalizedl15MessageAndStopsJ0yyFShyAC7ViewSpy33_9FE7A6F7AAE8224A7EF2519D9ECB2DC2LLC0O0OGyKXEfu0_
FNDA:0,$s18EssentialFeedTests021LoadResourcePresenterC0C7makeSUT33_9FE7A6F7AAE8224A7EF2519D9ECB2DC2LL6mapper4file4line0aB00deF0CySSAC7ViewSpyAELLCG3sut_AM4viewtS2SKc_s12StaticStringVSutFfA_S2ScfU_
FNDA:5,$s18EssentialFeedTests021LoadResourcePresenterC0C7makeSUT33_9FE7A6F7AAE8224A7EF2519D9ECB2DC2LL6mapper4file4line0aB00deF0CySSAC7ViewSpyAELLCG3sut_AM4viewtS2SKc_s12StaticStringVSutF
FNDA:2,$s18EssentialFeedTests021LoadResourcePresenterC0C9localized33_9FE7A6F7AAE8224A7EF2519D9ECB2DC2LL_4file4lineS2S_s12StaticStringVSutF
FNDA:5,$s18EssentialFeedTests021LoadResourcePresenterC0C7ViewSpy33_9FE7A6F7AAE8224A7EF2519D9ECB2DC2LLC8messagesShyAF7MessageOGvpfi
FNDA:3,$s18EssentialFeedTests021LoadResourcePresenterC0C7ViewSpy33_9FE7A6F7AAE8224A7EF2519D9ECB2DC2LLC7displayyy0aB00e5ErrorG5ModelVF
FNDA:4,$s18EssentialFeedTests021LoadResourcePresenterC0C7ViewSpy33_9FE7A6F7AAE8224A7EF2519D9ECB2DC2LLC7displayyy0aB00e7LoadingG5ModelVF
FNDA:1,$s18EssentialFeedTests021LoadResourcePresenterC0C7ViewSpy33_9FE7A6F7AAE8224A7EF2519D9ECB2DC2LLC7displayyySSF
FNF:24
FNH:22
DA:10,1
DA:11,1
DA:12,1
DA:13,1
DA:14,1
DA:16,1
DA:17,1
DA:18,1
DA:19,1
DA:20,1
DA:21,1
DA:22,1
DA:23,1
DA:24,1
DA:25,1
DA:27,1
DA:28,1
DA:29,1
DA:30,1
DA:31,1
DA:32,1
DA:33,1
DA:34,1
DA:35,1
DA:36,1
DA:37,1
DA:38,1
DA:40,1
DA:41,1
DA:42,1
DA:43,1
DA:44,1
DA:45,1
DA:46,1
DA:47,1
DA:48,1
DA:49,1
DA:50,1
DA:51,1
DA:53,1
DA:54,1
DA:55,1
DA:56,1
DA:57,1
DA:58,1
DA:59,1
DA:60,1
DA:61,1
DA:62,1
DA:69,0
DA:72,5
DA:73,5
DA:74,5
DA:75,5
DA:76,5
DA:77,5
DA:78,5
DA:80,2
DA:81,2
DA:82,2
DA:83,2
DA:84,2
DA:85,0
DA:86,0
DA:87,2
DA:88,2
DA:99,5
DA:101,3
DA:102,3
DA:103,3
DA:105,4
DA:106,4
DA:107,4
DA:109,1
DA:110,1
DA:111,1
BRF:0
BRH:0
LF:104
LH:100
end_of_record
SF:/Users/juancarlosmerlosalbarracin/Developer/Essential_Developer/essential-feed-case-study/EssentialFeed/EssentialFeedTests/Shared Presentation/SharedLocalizationTests.swift
FN:10,$s18EssentialFeedTests018SharedLocalizationC0C67test_localizedStrings_haveKeysAndValuesForAllSupportedLocalizationsyyF
FN:18,$s18EssentialFeedTests018SharedLocalizationC0C9DummyView33_89DB2E8806BCF90F03CB0904D74C8914LLC7displayyyypF
FNDA:1,$s18EssentialFeedTests018SharedLocalizationC0C67test_localizedStrings_haveKeysAndValuesForAllSupportedLocalizationsyyF
FNDA:0,$s18EssentialFeedTests018SharedLocalizationC0C9DummyView33_89DB2E8806BCF90F03CB0904D74C8914LLC7displayyyypF
FNF:2
FNH:1
DA:10,1
DA:11,1
DA:12,1
DA:13,1
DA:14,1
DA:15,1
DA:18,0
BRF:0
BRH:0
LF:7
LH:6
end_of_record
